Determining size of __int64 failed with the following output:
Change Dir: /home/kinova/Documents/kinovaZED/_build/CMakeFiles/CMakeTmp

Run Build Command:"/usr/bin/make" "cmTC_68a8a/fast"
/usr/bin/make -f CMakeFiles/cmTC_68a8a.dir/build.make CMakeFiles/cmTC_68a8a.dir/build
make[1]: Entering directory '/home/kinova/Documents/kinovaZED/_build/CMakeFiles/CMakeTmp'
Building C object CMakeFiles/cmTC_68a8a.dir/__INT64.c.o
/usr/bin/cc     -o CMakeFiles/cmTC_68a8a.dir/__INT64.c.o   -c /home/kinova/Documents/kinovaZED/_build/CMakeFiles/CheckTypeSize/__INT64.c
/home/kinova/Documents/kinovaZED/_build/CMakeFiles/CheckTypeSize/__INT64.c:17:22: error: ‘__int64’ undeclared here (not in a function)
 #define SIZE (sizeof(__int64))
                      ^
/home/kinova/Documents/kinovaZED/_build/CMakeFiles/CheckTypeSize/__INT64.c:19:12: note: in expansion of macro ‘SIZE’
   ('0' + ((SIZE / 10000)%10)),
            ^
CMakeFiles/cmTC_68a8a.dir/build.make:65: recipe for target 'CMakeFiles/cmTC_68a8a.dir/__INT64.c.o' failed
make[1]: *** [CMakeFiles/cmTC_68a8a.dir/__INT64.c.o] Error 1
make[1]: Leaving directory '/home/kinova/Documents/kinovaZED/_build/CMakeFiles/CMakeTmp'
Makefile:126: recipe for target 'cmTC_68a8a/fast' failed
make: *** [cmTC_68a8a/fast] Error 2

/home/kinova/Documents/kinovaZED/_build/CMakeFiles/CheckTypeSize/__INT64.c:
#include <sys/types.h>
#include <stdint.h>
#include <stddef.h>


#undef KEY
#if defined(__i386)
# define KEY '_','_','i','3','8','6'
#elif defined(__x86_64)
# define KEY '_','_','x','8','6','_','6','4'
#elif defined(__ppc__)
# define KEY '_','_','p','p','c','_','_'
#elif defined(__ppc64__)
# define KEY '_','_','p','p','c','6','4','_','_'
#endif

#define SIZE (sizeof(__int64))
char info_size[] =  {'I', 'N', 'F', 'O', ':', 's','i','z','e','[',
  ('0' + ((SIZE / 10000)%10)),
  ('0' + ((SIZE / 1000)%10)),
  ('0' + ((SIZE / 100)%10)),
  ('0' + ((SIZE / 10)%10)),
  ('0' +  (SIZE    % 10)),
  ']',
#ifdef KEY
  ' ','k','e','y','[', KEY, ']',
#endif
  '\0'};

#ifdef __CLASSIC_C__
int main(argc, argv) int argc; char *argv[];
#else
int main(int argc, char *argv[])
#endif
{
  int require = 0;
  require += info_size[argc];
  (void)argv;
  return require;
}


Determining size of __int32 failed with the following output:
Change Dir: /home/kinova/Documents/kinovaZED/_build/CMakeFiles/CMakeTmp

Run Build Command:"/usr/bin/make" "cmTC_cdf73/fast"
/usr/bin/make -f CMakeFiles/cmTC_cdf73.dir/build.make CMakeFiles/cmTC_cdf73.dir/build
make[1]: Entering directory '/home/kinova/Documents/kinovaZED/_build/CMakeFiles/CMakeTmp'
Building C object CMakeFiles/cmTC_cdf73.dir/__INT32.c.o
/usr/bin/cc     -o CMakeFiles/cmTC_cdf73.dir/__INT32.c.o   -c /home/kinova/Documents/kinovaZED/_build/CMakeFiles/CheckTypeSize/__INT32.c
/home/kinova/Documents/kinovaZED/_build/CMakeFiles/CheckTypeSize/__INT32.c:17:22: error: ‘__int32’ undeclared here (not in a function)
 #define SIZE (sizeof(__int32))
                      ^
/home/kinova/Documents/kinovaZED/_build/CMakeFiles/CheckTypeSize/__INT32.c:19:12: note: in expansion of macro ‘SIZE’
   ('0' + ((SIZE / 10000)%10)),
            ^
CMakeFiles/cmTC_cdf73.dir/build.make:65: recipe for target 'CMakeFiles/cmTC_cdf73.dir/__INT32.c.o' failed
make[1]: *** [CMakeFiles/cmTC_cdf73.dir/__INT32.c.o] Error 1
make[1]: Leaving directory '/home/kinova/Documents/kinovaZED/_build/CMakeFiles/CMakeTmp'
Makefile:126: recipe for target 'cmTC_cdf73/fast' failed
make: *** [cmTC_cdf73/fast] Error 2

/home/kinova/Documents/kinovaZED/_build/CMakeFiles/CheckTypeSize/__INT32.c:
#include <sys/types.h>
#include <stdint.h>
#include <stddef.h>


#undef KEY
#if defined(__i386)
# define KEY '_','_','i','3','8','6'
#elif defined(__x86_64)
# define KEY '_','_','x','8','6','_','6','4'
#elif defined(__ppc__)
# define KEY '_','_','p','p','c','_','_'
#elif defined(__ppc64__)
# define KEY '_','_','p','p','c','6','4','_','_'
#endif

#define SIZE (sizeof(__int32))
char info_size[] =  {'I', 'N', 'F', 'O', ':', 's','i','z','e','[',
  ('0' + ((SIZE / 10000)%10)),
  ('0' + ((SIZE / 1000)%10)),
  ('0' + ((SIZE / 100)%10)),
  ('0' + ((SIZE / 10)%10)),
  ('0' +  (SIZE    % 10)),
  ']',
#ifdef KEY
  ' ','k','e','y','[', KEY, ']',
#endif
  '\0'};

#ifdef __CLASSIC_C__
int main(argc, argv) int argc; char *argv[];
#else
int main(int argc, char *argv[])
#endif
{
  int require = 0;
  require += info_size[argc];
  (void)argv;
  return require;
}


Determining size of __uint32 failed with the following output:
Change Dir: /home/kinova/Documents/kinovaZED/_build/CMakeFiles/CMakeTmp

Run Build Command:"/usr/bin/make" "cmTC_0627c/fast"
/usr/bin/make -f CMakeFiles/cmTC_0627c.dir/build.make CMakeFiles/cmTC_0627c.dir/build
make[1]: Entering directory '/home/kinova/Documents/kinovaZED/_build/CMakeFiles/CMakeTmp'
Building C object CMakeFiles/cmTC_0627c.dir/__UINT32.c.o
/usr/bin/cc     -o CMakeFiles/cmTC_0627c.dir/__UINT32.c.o   -c /home/kinova/Documents/kinovaZED/_build/CMakeFiles/CheckTypeSize/__UINT32.c
/home/kinova/Documents/kinovaZED/_build/CMakeFiles/CheckTypeSize/__UINT32.c:17:22: error: ‘__uint32’ undeclared here (not in a function)
 #define SIZE (sizeof(__uint32))
                      ^
/home/kinova/Documents/kinovaZED/_build/CMakeFiles/CheckTypeSize/__UINT32.c:19:12: note: in expansion of macro ‘SIZE’
   ('0' + ((SIZE / 10000)%10)),
            ^
CMakeFiles/cmTC_0627c.dir/build.make:65: recipe for target 'CMakeFiles/cmTC_0627c.dir/__UINT32.c.o' failed
make[1]: *** [CMakeFiles/cmTC_0627c.dir/__UINT32.c.o] Error 1
make[1]: Leaving directory '/home/kinova/Documents/kinovaZED/_build/CMakeFiles/CMakeTmp'
Makefile:126: recipe for target 'cmTC_0627c/fast' failed
make: *** [cmTC_0627c/fast] Error 2

/home/kinova/Documents/kinovaZED/_build/CMakeFiles/CheckTypeSize/__UINT32.c:
#include <sys/types.h>
#include <stdint.h>
#include <stddef.h>


#undef KEY
#if defined(__i386)
# define KEY '_','_','i','3','8','6'
#elif defined(__x86_64)
# define KEY '_','_','x','8','6','_','6','4'
#elif defined(__ppc__)
# define KEY '_','_','p','p','c','_','_'
#elif defined(__ppc64__)
# define KEY '_','_','p','p','c','6','4','_','_'
#endif

#define SIZE (sizeof(__uint32))
char info_size[] =  {'I', 'N', 'F', 'O', ':', 's','i','z','e','[',
  ('0' + ((SIZE / 10000)%10)),
  ('0' + ((SIZE / 1000)%10)),
  ('0' + ((SIZE / 100)%10)),
  ('0' + ((SIZE / 10)%10)),
  ('0' +  (SIZE    % 10)),
  ']',
#ifdef KEY
  ' ','k','e','y','[', KEY, ']',
#endif
  '\0'};

#ifdef __CLASSIC_C__
int main(argc, argv) int argc; char *argv[];
#else
int main(int argc, char *argv[])
#endif
{
  int require = 0;
  require += info_size[argc];
  (void)argv;
  return require;
}


Determining size of __uint16 failed with the following output:
Change Dir: /home/kinova/Documents/kinovaZED/_build/CMakeFiles/CMakeTmp

Run Build Command:"/usr/bin/make" "cmTC_23131/fast"
/usr/bin/make -f CMakeFiles/cmTC_23131.dir/build.make CMakeFiles/cmTC_23131.dir/build
make[1]: Entering directory '/home/kinova/Documents/kinovaZED/_build/CMakeFiles/CMakeTmp'
Building C object CMakeFiles/cmTC_23131.dir/__UINT16.c.o
/usr/bin/cc     -o CMakeFiles/cmTC_23131.dir/__UINT16.c.o   -c /home/kinova/Documents/kinovaZED/_build/CMakeFiles/CheckTypeSize/__UINT16.c
/home/kinova/Documents/kinovaZED/_build/CMakeFiles/CheckTypeSize/__UINT16.c:17:22: error: ‘__uint16’ undeclared here (not in a function)
 #define SIZE (sizeof(__uint16))
                      ^
/home/kinova/Documents/kinovaZED/_build/CMakeFiles/CheckTypeSize/__UINT16.c:19:12: note: in expansion of macro ‘SIZE’
   ('0' + ((SIZE / 10000)%10)),
            ^
CMakeFiles/cmTC_23131.dir/build.make:65: recipe for target 'CMakeFiles/cmTC_23131.dir/__UINT16.c.o' failed
make[1]: *** [CMakeFiles/cmTC_23131.dir/__UINT16.c.o] Error 1
make[1]: Leaving directory '/home/kinova/Documents/kinovaZED/_build/CMakeFiles/CMakeTmp'
Makefile:126: recipe for target 'cmTC_23131/fast' failed
make: *** [cmTC_23131/fast] Error 2

/home/kinova/Documents/kinovaZED/_build/CMakeFiles/CheckTypeSize/__UINT16.c:
#include <sys/types.h>
#include <stdint.h>
#include <stddef.h>


#undef KEY
#if defined(__i386)
# define KEY '_','_','i','3','8','6'
#elif defined(__x86_64)
# define KEY '_','_','x','8','6','_','6','4'
#elif defined(__ppc__)
# define KEY '_','_','p','p','c','_','_'
#elif defined(__ppc64__)
# define KEY '_','_','p','p','c','6','4','_','_'
#endif

#define SIZE (sizeof(__uint16))
char info_size[] =  {'I', 'N', 'F', 'O', ':', 's','i','z','e','[',
  ('0' + ((SIZE / 10000)%10)),
  ('0' + ((SIZE / 1000)%10)),
  ('0' + ((SIZE / 100)%10)),
  ('0' + ((SIZE / 10)%10)),
  ('0' +  (SIZE    % 10)),
  ']',
#ifdef KEY
  ' ','k','e','y','[', KEY, ']',
#endif
  '\0'};

#ifdef __CLASSIC_C__
int main(argc, argv) int argc; char *argv[];
#else
int main(int argc, char *argv[])
#endif
{
  int require = 0;
  require += info_size[argc];
  (void)argv;
  return require;
}


Determining size of __uint8 failed with the following output:
Change Dir: /home/kinova/Documents/kinovaZED/_build/CMakeFiles/CMakeTmp

Run Build Command:"/usr/bin/make" "cmTC_bb955/fast"
/usr/bin/make -f CMakeFiles/cmTC_bb955.dir/build.make CMakeFiles/cmTC_bb955.dir/build
make[1]: Entering directory '/home/kinova/Documents/kinovaZED/_build/CMakeFiles/CMakeTmp'
Building C object CMakeFiles/cmTC_bb955.dir/__UINT8.c.o
/usr/bin/cc     -o CMakeFiles/cmTC_bb955.dir/__UINT8.c.o   -c /home/kinova/Documents/kinovaZED/_build/CMakeFiles/CheckTypeSize/__UINT8.c
/home/kinova/Documents/kinovaZED/_build/CMakeFiles/CheckTypeSize/__UINT8.c:17:22: error: ‘__uint8’ undeclared here (not in a function)
 #define SIZE (sizeof(__uint8))
                      ^
/home/kinova/Documents/kinovaZED/_build/CMakeFiles/CheckTypeSize/__UINT8.c:19:12: note: in expansion of macro ‘SIZE’
   ('0' + ((SIZE / 10000)%10)),
            ^
CMakeFiles/cmTC_bb955.dir/build.make:65: recipe for target 'CMakeFiles/cmTC_bb955.dir/__UINT8.c.o' failed
make[1]: *** [CMakeFiles/cmTC_bb955.dir/__UINT8.c.o] Error 1
make[1]: Leaving directory '/home/kinova/Documents/kinovaZED/_build/CMakeFiles/CMakeTmp'
Makefile:126: recipe for target 'cmTC_bb955/fast' failed
make: *** [cmTC_bb955/fast] Error 2

/home/kinova/Documents/kinovaZED/_build/CMakeFiles/CheckTypeSize/__UINT8.c:
#include <sys/types.h>
#include <stdint.h>
#include <stddef.h>


#undef KEY
#if defined(__i386)
# define KEY '_','_','i','3','8','6'
#elif defined(__x86_64)
# define KEY '_','_','x','8','6','_','6','4'
#elif defined(__ppc__)
# define KEY '_','_','p','p','c','_','_'
#elif defined(__ppc64__)
# define KEY '_','_','p','p','c','6','4','_','_'
#endif

#define SIZE (sizeof(__uint8))
char info_size[] =  {'I', 'N', 'F', 'O', ':', 's','i','z','e','[',
  ('0' + ((SIZE / 10000)%10)),
  ('0' + ((SIZE / 1000)%10)),
  ('0' + ((SIZE / 100)%10)),
  ('0' + ((SIZE / 10)%10)),
  ('0' +  (SIZE    % 10)),
  ']',
#ifdef KEY
  ' ','k','e','y','[', KEY, ']',
#endif
  '\0'};

#ifdef __CLASSIC_C__
int main(argc, argv) int argc; char *argv[];
#else
int main(int argc, char *argv[])
#endif
{
  int require = 0;
  require += info_size[argc];
  (void)argv;
  return require;
}


Determining size of SSIZE_T failed with the following output:
Change Dir: /home/kinova/Documents/kinovaZED/_build/CMakeFiles/CMakeTmp

Run Build Command:"/usr/bin/make" "cmTC_eaf9a/fast"
/usr/bin/make -f CMakeFiles/cmTC_eaf9a.dir/build.make CMakeFiles/cmTC_eaf9a.dir/build
make[1]: Entering directory '/home/kinova/Documents/kinovaZED/_build/CMakeFiles/CMakeTmp'
Building C object CMakeFiles/cmTC_eaf9a.dir/UPPERCASE_SSIZE_T.c.o
/usr/bin/cc     -o CMakeFiles/cmTC_eaf9a.dir/UPPERCASE_SSIZE_T.c.o   -c /home/kinova/Documents/kinovaZED/_build/CMakeFiles/CheckTypeSize/UPPERCASE_SSIZE_T.c
/home/kinova/Documents/kinovaZED/_build/CMakeFiles/CheckTypeSize/UPPERCASE_SSIZE_T.c:17:22: error: ‘SSIZE_T’ undeclared here (not in a function)
 #define SIZE (sizeof(SSIZE_T))
                      ^
/home/kinova/Documents/kinovaZED/_build/CMakeFiles/CheckTypeSize/UPPERCASE_SSIZE_T.c:19:12: note: in expansion of macro ‘SIZE’
   ('0' + ((SIZE / 10000)%10)),
            ^
CMakeFiles/cmTC_eaf9a.dir/build.make:65: recipe for target 'CMakeFiles/cmTC_eaf9a.dir/UPPERCASE_SSIZE_T.c.o' failed
make[1]: *** [CMakeFiles/cmTC_eaf9a.dir/UPPERCASE_SSIZE_T.c.o] Error 1
make[1]: Leaving directory '/home/kinova/Documents/kinovaZED/_build/CMakeFiles/CMakeTmp'
Makefile:126: recipe for target 'cmTC_eaf9a/fast' failed
make: *** [cmTC_eaf9a/fast] Error 2

/home/kinova/Documents/kinovaZED/_build/CMakeFiles/CheckTypeSize/UPPERCASE_SSIZE_T.c:
#include <sys/types.h>
#include <stdint.h>
#include <stddef.h>


#undef KEY
#if defined(__i386)
# define KEY '_','_','i','3','8','6'
#elif defined(__x86_64)
# define KEY '_','_','x','8','6','_','6','4'
#elif defined(__ppc__)
# define KEY '_','_','p','p','c','_','_'
#elif defined(__ppc64__)
# define KEY '_','_','p','p','c','6','4','_','_'
#endif

#define SIZE (sizeof(SSIZE_T))
char info_size[] =  {'I', 'N', 'F', 'O', ':', 's','i','z','e','[',
  ('0' + ((SIZE / 10000)%10)),
  ('0' + ((SIZE / 1000)%10)),
  ('0' + ((SIZE / 100)%10)),
  ('0' + ((SIZE / 10)%10)),
  ('0' +  (SIZE    % 10)),
  ']',
#ifdef KEY
  ' ','k','e','y','[', KEY, ']',
#endif
  '\0'};

#ifdef __CLASSIC_C__
int main(argc, argv) int argc; char *argv[];
#else
int main(int argc, char *argv[])
#endif
{
  int require = 0;
  require += info_size[argc];
  (void)argv;
  return require;
}


Determining if the function _strtoi64 exists failed with the following output:
Change Dir: /home/kinova/Documents/kinovaZED/_build/CMakeFiles/CMakeTmp

Run Build Command:"/usr/bin/make" "cmTC_4c700/fast"
/usr/bin/make -f CMakeFiles/cmTC_4c700.dir/build.make CMakeFiles/cmTC_4c700.dir/build
make[1]: Entering directory '/home/kinova/Documents/kinovaZED/_build/CMakeFiles/CMakeTmp'
Building C object CMakeFiles/cmTC_4c700.dir/CheckFunctionExists.c.o
/usr/bin/cc    -DCHECK_FUNCTION_EXISTS=_strtoi64   -o CMakeFiles/cmTC_4c700.dir/CheckFunctionExists.c.o   -c /usr/share/cmake-3.5/Modules/CheckFunctionExists.c
Linking C executable cmTC_4c700
/usr/bin/cmake -E cmake_link_script CMakeFiles/cmTC_4c700.dir/link.txt --verbose=1
/usr/bin/cc   -DCHECK_FUNCTION_EXISTS=_strtoi64    CMakeFiles/cmTC_4c700.dir/CheckFunctionExists.c.o  -o cmTC_4c700 -rdynamic 
CMakeFiles/cmTC_4c700.dir/CheckFunctionExists.c.o: In function `main':
CheckFunctionExists.c:(.text+0xa): undefined reference to `_strtoi64'
collect2: error: ld returned 1 exit status
CMakeFiles/cmTC_4c700.dir/build.make:97: recipe for target 'cmTC_4c700' failed
make[1]: *** [cmTC_4c700] Error 1
make[1]: Leaving directory '/home/kinova/Documents/kinovaZED/_build/CMakeFiles/CMakeTmp'
Makefile:126: recipe for target 'cmTC_4c700/fast' failed
make: *** [cmTC_4c700/fast] Error 2


