The system is: Linux - 4.4.38-v7+ - armv7l
Compiling the C compiler identification source file "CMakeCCompilerId.c" succeeded.
Compiler: /usr/bin/cc 
Build flags: 
Id flags: 

The output was:
0


Compilation of the C compiler identification source "CMakeCCompilerId.c" produced "a.out"

The C compiler identification is GNU, found in "/home/kinova/Documents/kinovaZED/_build/CMakeFiles/3.5.1/CompilerIdC/a.out"

Compiling the CXX compiler identification source file "CMakeCXXCompilerId.cpp" succeeded.
Compiler: /usr/bin/c++ 
Build flags: 
Id flags: 

The output was:
0


Compilation of the CXX compiler identification source "CMakeCXXCompilerId.cpp" produced "a.out"

The CXX compiler identification is GNU, found in "/home/kinova/Documents/kinovaZED/_build/CMakeFiles/3.5.1/CompilerIdCXX/a.out"

Determining if the C compiler works passed with the following output:
Change Dir: /home/kinova/Documents/kinovaZED/_build/CMakeFiles/CMakeTmp

Run Build Command:"/usr/bin/make" "cmTC_ff692/fast"
/usr/bin/make -f CMakeFiles/cmTC_ff692.dir/build.make CMakeFiles/cmTC_ff692.dir/build
make[1]: Entering directory '/home/kinova/Documents/kinovaZED/_build/CMakeFiles/CMakeTmp'
Building C object CMakeFiles/cmTC_ff692.dir/testCCompiler.c.o
/usr/bin/cc     -o CMakeFiles/cmTC_ff692.dir/testCCompiler.c.o   -c /home/kinova/Documents/kinovaZED/_build/CMakeFiles/CMakeTmp/testCCompiler.c
Linking C executable cmTC_ff692
/usr/bin/cmake -E cmake_link_script CMakeFiles/cmTC_ff692.dir/link.txt --verbose=1
/usr/bin/cc       CMakeFiles/cmTC_ff692.dir/testCCompiler.c.o  -o cmTC_ff692 
make[1]: Leaving directory '/home/kinova/Documents/kinovaZED/_build/CMakeFiles/CMakeTmp'


Detecting C compiler ABI info compiled with the following output:
Change Dir: /home/kinova/Documents/kinovaZED/_build/CMakeFiles/CMakeTmp

Run Build Command:"/usr/bin/make" "cmTC_c5a10/fast"
/usr/bin/make -f CMakeFiles/cmTC_c5a10.dir/build.make CMakeFiles/cmTC_c5a10.dir/build
make[1]: Entering directory '/home/kinova/Documents/kinovaZED/_build/CMakeFiles/CMakeTmp'
Building C object CMakeFiles/cmTC_c5a10.dir/CMakeCCompilerABI.c.o
/usr/bin/cc     -o CMakeFiles/cmTC_c5a10.dir/CMakeCCompilerABI.c.o   -c /usr/share/cmake-3.5/Modules/CMakeCCompilerABI.c
Linking C executable cmTC_c5a10
/usr/bin/cmake -E cmake_link_script CMakeFiles/cmTC_c5a10.dir/link.txt --verbose=1
/usr/bin/cc      -v CMakeFiles/cmTC_c5a10.dir/CMakeCCompilerABI.c.o  -o cmTC_c5a10  
Using built-in specs.
COLLECT_GCC=/usr/bin/cc
COLLECT_LTO_WRAPPER=/usr/lib/gcc/arm-linux-gnueabihf/5/lto-wrapper
Target: arm-linux-gnueabihf
Configured with: ../src/configure -v --with-pkgversion='Ubuntu/Linaro 5.4.0-6ubuntu1~16.04.10' --with-bugurl=file:///usr/share/doc/gcc-5/README.Bugs --enable-languages=c,ada,c++,java,go,d,fortran,objc,obj-c++ --prefix=/usr --program-suffix=-5 --enable-shared --enable-linker-build-id --libexecdir=/usr/lib --without-included-gettext --enable-threads=posix --libdir=/usr/lib --enable-nls --with-sysroot=/ --enable-clocale=gnu --enable-libstdcxx-debug --enable-libstdcxx-time=yes --with-default-libstdcxx-abi=new --enable-gnu-unique-object --disable-libitm --disable-libquadmath --enable-plugin --with-system-zlib --disable-browser-plugin --enable-java-awt=gtk --enable-gtk-cairo --with-java-home=/usr/lib/jvm/java-1.5.0-gcj-5-armhf/jre --enable-java-home --with-jvm-root-dir=/usr/lib/jvm/java-1.5.0-gcj-5-armhf --with-jvm-jar-dir=/usr/lib/jvm-exports/java-1.5.0-gcj-5-armhf --with-arch-directory=arm --with-ecj-jar=/usr/share/java/eclipse-ecj.jar --enable-objc-gc --enable-multiarch --enable-multilib --disable-sjlj-exceptions --with-arch=armv7-a --with-fpu=vfpv3-d16 --with-float=hard --with-mode=thumb --disable-werror --enable-multilib --enable-checking=release --build=arm-linux-gnueabihf --host=arm-linux-gnueabihf --target=arm-linux-gnueabihf
Thread model: posix
gcc version 5.4.0 20160609 (Ubuntu/Linaro 5.4.0-6ubuntu1~16.04.10) 
COMPILER_PATH=/usr/lib/gcc/arm-linux-gnueabihf/5/:/usr/lib/gcc/arm-linux-gnueabihf/5/:/usr/lib/gcc/arm-linux-gnueabihf/:/usr/lib/gcc/arm-linux-gnueabihf/5/:/usr/lib/gcc/arm-linux-gnueabihf/
LIBRARY_PATH=/usr/lib/gcc/arm-linux-gnueabihf/5/:/usr/lib/gcc/arm-linux-gnueabihf/5/../../../arm-linux-gnueabihf/:/usr/lib/gcc/arm-linux-gnueabihf/5/../../../../lib/:/lib/arm-linux-gnueabihf/:/lib/../lib/:/usr/lib/arm-linux-gnueabihf/:/usr/lib/../lib/:/usr/lib/gcc/arm-linux-gnueabihf/5/../../../:/lib/:/usr/lib/
COLLECT_GCC_OPTIONS='-v' '-o' 'cmTC_c5a10' '-march=armv7-a' '-mfloat-abi=hard' '-mfpu=vfpv3-d16' '-mthumb' '-mtls-dialect=gnu'
 /usr/lib/gcc/arm-linux-gnueabihf/5/collect2 -plugin /usr/lib/gcc/arm-linux-gnueabihf/5/liblto_plugin.so -plugin-opt=/usr/lib/gcc/arm-linux-gnueabihf/5/lto-wrapper -plugin-opt=-fresolution=/tmp/ccCMwEzd.res -plugin-opt=-pass-through=-lgcc -plugin-opt=-pass-through=-lgcc_s -plugin-opt=-pass-through=-lc -plugin-opt=-pass-through=-lgcc -plugin-opt=-pass-through=-lgcc_s --sysroot=/ --build-id --eh-frame-hdr -dynamic-linker /lib/ld-linux-armhf.so.3 -X --hash-style=gnu --as-needed -m armelf_linux_eabi -z relro -o cmTC_c5a10 /usr/lib/gcc/arm-linux-gnueabihf/5/../../../arm-linux-gnueabihf/crt1.o /usr/lib/gcc/arm-linux-gnueabihf/5/../../../arm-linux-gnueabihf/crti.o /usr/lib/gcc/arm-linux-gnueabihf/5/crtbegin.o -L/usr/lib/gcc/arm-linux-gnueabihf/5 -L/usr/lib/gcc/arm-linux-gnueabihf/5/../../../arm-linux-gnueabihf -L/usr/lib/gcc/arm-linux-gnueabihf/5/../../../../lib -L/lib/arm-linux-gnueabihf -L/lib/../lib -L/usr/lib/arm-linux-gnueabihf -L/usr/lib/../lib -L/usr/lib/gcc/arm-linux-gnueabihf/5/../../.. CMakeFiles/cmTC_c5a10.dir/CMakeCCompilerABI.c.o -lgcc --as-needed -lgcc_s --no-as-needed -lc -lgcc --as-needed -lgcc_s --no-as-needed /usr/lib/gcc/arm-linux-gnueabihf/5/crtend.o /usr/lib/gcc/arm-linux-gnueabihf/5/../../../arm-linux-gnueabihf/crtn.o
make[1]: Leaving directory '/home/kinova/Documents/kinovaZED/_build/CMakeFiles/CMakeTmp'


Parsed C implicit link information from above output:
  link line regex: [^( *|.*[/\])(ld|([^/\]+-)?ld|collect2)[^/\]*( |$)]
  ignore line: [Change Dir: /home/kinova/Documents/kinovaZED/_build/CMakeFiles/CMakeTmp]
  ignore line: []
  ignore line: [Run Build Command:"/usr/bin/make" "cmTC_c5a10/fast"]
  ignore line: [/usr/bin/make -f CMakeFiles/cmTC_c5a10.dir/build.make CMakeFiles/cmTC_c5a10.dir/build]
  ignore line: [make[1]: Entering directory '/home/kinova/Documents/kinovaZED/_build/CMakeFiles/CMakeTmp']
  ignore line: [Building C object CMakeFiles/cmTC_c5a10.dir/CMakeCCompilerABI.c.o]
  ignore line: [/usr/bin/cc     -o CMakeFiles/cmTC_c5a10.dir/CMakeCCompilerABI.c.o   -c /usr/share/cmake-3.5/Modules/CMakeCCompilerABI.c]
  ignore line: [Linking C executable cmTC_c5a10]
  ignore line: [/usr/bin/cmake -E cmake_link_script CMakeFiles/cmTC_c5a10.dir/link.txt --verbose=1]
  ignore line: [/usr/bin/cc      -v CMakeFiles/cmTC_c5a10.dir/CMakeCCompilerABI.c.o  -o cmTC_c5a10  ]
  ignore line: [Using built-in specs.]
  ignore line: [COLLECT_GCC=/usr/bin/cc]
  ignore line: [COLLECT_LTO_WRAPPER=/usr/lib/gcc/arm-linux-gnueabihf/5/lto-wrapper]
  ignore line: [Target: arm-linux-gnueabihf]
  ignore line: [Configured with: ../src/configure -v --with-pkgversion='Ubuntu/Linaro 5.4.0-6ubuntu1~16.04.10' --with-bugurl=file:///usr/share/doc/gcc-5/README.Bugs --enable-languages=c,ada,c++,java,go,d,fortran,objc,obj-c++ --prefix=/usr --program-suffix=-5 --enable-shared --enable-linker-build-id --libexecdir=/usr/lib --without-included-gettext --enable-threads=posix --libdir=/usr/lib --enable-nls --with-sysroot=/ --enable-clocale=gnu --enable-libstdcxx-debug --enable-libstdcxx-time=yes --with-default-libstdcxx-abi=new --enable-gnu-unique-object --disable-libitm --disable-libquadmath --enable-plugin --with-system-zlib --disable-browser-plugin --enable-java-awt=gtk --enable-gtk-cairo --with-java-home=/usr/lib/jvm/java-1.5.0-gcj-5-armhf/jre --enable-java-home --with-jvm-root-dir=/usr/lib/jvm/java-1.5.0-gcj-5-armhf --with-jvm-jar-dir=/usr/lib/jvm-exports/java-1.5.0-gcj-5-armhf --with-arch-directory=arm --with-ecj-jar=/usr/share/java/eclipse-ecj.jar --enable-objc-gc --enable-multiarch --enable-multilib --disable-sjlj-exceptions --with-arch=armv7-a --with-fpu=vfpv3-d16 --with-float=hard --with-mode=thumb --disable-werror --enable-multilib --enable-checking=release --build=arm-linux-gnueabihf --host=arm-linux-gnueabihf --target=arm-linux-gnueabihf]
  ignore line: [Thread model: posix]
  ignore line: [gcc version 5.4.0 20160609 (Ubuntu/Linaro 5.4.0-6ubuntu1~16.04.10) ]
  ignore line: [COMPILER_PATH=/usr/lib/gcc/arm-linux-gnueabihf/5/:/usr/lib/gcc/arm-linux-gnueabihf/5/:/usr/lib/gcc/arm-linux-gnueabihf/:/usr/lib/gcc/arm-linux-gnueabihf/5/:/usr/lib/gcc/arm-linux-gnueabihf/]
  ignore line: [LIBRARY_PATH=/usr/lib/gcc/arm-linux-gnueabihf/5/:/usr/lib/gcc/arm-linux-gnueabihf/5/../../../arm-linux-gnueabihf/:/usr/lib/gcc/arm-linux-gnueabihf/5/../../../../lib/:/lib/arm-linux-gnueabihf/:/lib/../lib/:/usr/lib/arm-linux-gnueabihf/:/usr/lib/../lib/:/usr/lib/gcc/arm-linux-gnueabihf/5/../../../:/lib/:/usr/lib/]
  ignore line: [COLLECT_GCC_OPTIONS='-v' '-o' 'cmTC_c5a10' '-march=armv7-a' '-mfloat-abi=hard' '-mfpu=vfpv3-d16' '-mthumb' '-mtls-dialect=gnu']
  link line: [ /usr/lib/gcc/arm-linux-gnueabihf/5/collect2 -plugin /usr/lib/gcc/arm-linux-gnueabihf/5/liblto_plugin.so -plugin-opt=/usr/lib/gcc/arm-linux-gnueabihf/5/lto-wrapper -plugin-opt=-fresolution=/tmp/ccCMwEzd.res -plugin-opt=-pass-through=-lgcc -plugin-opt=-pass-through=-lgcc_s -plugin-opt=-pass-through=-lc -plugin-opt=-pass-through=-lgcc -plugin-opt=-pass-through=-lgcc_s --sysroot=/ --build-id --eh-frame-hdr -dynamic-linker /lib/ld-linux-armhf.so.3 -X --hash-style=gnu --as-needed -m armelf_linux_eabi -z relro -o cmTC_c5a10 /usr/lib/gcc/arm-linux-gnueabihf/5/../../../arm-linux-gnueabihf/crt1.o /usr/lib/gcc/arm-linux-gnueabihf/5/../../../arm-linux-gnueabihf/crti.o /usr/lib/gcc/arm-linux-gnueabihf/5/crtbegin.o -L/usr/lib/gcc/arm-linux-gnueabihf/5 -L/usr/lib/gcc/arm-linux-gnueabihf/5/../../../arm-linux-gnueabihf -L/usr/lib/gcc/arm-linux-gnueabihf/5/../../../../lib -L/lib/arm-linux-gnueabihf -L/lib/../lib -L/usr/lib/arm-linux-gnueabihf -L/usr/lib/../lib -L/usr/lib/gcc/arm-linux-gnueabihf/5/../../.. CMakeFiles/cmTC_c5a10.dir/CMakeCCompilerABI.c.o -lgcc --as-needed -lgcc_s --no-as-needed -lc -lgcc --as-needed -lgcc_s --no-as-needed /usr/lib/gcc/arm-linux-gnueabihf/5/crtend.o /usr/lib/gcc/arm-linux-gnueabihf/5/../../../arm-linux-gnueabihf/crtn.o]
    arg [/usr/lib/gcc/arm-linux-gnueabihf/5/collect2] ==> ignore
    arg [-plugin] ==> ignore
    arg [/usr/lib/gcc/arm-linux-gnueabihf/5/liblto_plugin.so] ==> ignore
    arg [-plugin-opt=/usr/lib/gcc/arm-linux-gnueabihf/5/lto-wrapper] ==> ignore
    arg [-plugin-opt=-fresolution=/tmp/ccCMwEzd.res] ==> ignore
    arg [-plugin-opt=-pass-through=-lgcc] ==> ignore
    arg [-plugin-opt=-pass-through=-lgcc_s] ==> ignore
    arg [-plugin-opt=-pass-through=-lc] ==> ignore
    arg [-plugin-opt=-pass-through=-lgcc] ==> ignore
    arg [-plugin-opt=-pass-through=-lgcc_s] ==> ignore
    arg [--sysroot=/] ==> ignore
    arg [--build-id] ==> ignore
    arg [--eh-frame-hdr] ==> ignore
    arg [-dynamic-linker] ==> ignore
    arg [/lib/ld-linux-armhf.so.3] ==> ignore
    arg [-X] ==> ignore
    arg [--hash-style=gnu] ==> ignore
    arg [--as-needed] ==> ignore
    arg [-m] ==> ignore
    arg [armelf_linux_eabi] ==> ignore
    arg [-zrelro] ==> ignore
    arg [-o] ==> ignore
    arg [cmTC_c5a10] ==> ignore
    arg [/usr/lib/gcc/arm-linux-gnueabihf/5/../../../arm-linux-gnueabihf/crt1.o] ==> ignore
    arg [/usr/lib/gcc/arm-linux-gnueabihf/5/../../../arm-linux-gnueabihf/crti.o] ==> ignore
    arg [/usr/lib/gcc/arm-linux-gnueabihf/5/crtbegin.o] ==> ignore
    arg [-L/usr/lib/gcc/arm-linux-gnueabihf/5] ==> dir [/usr/lib/gcc/arm-linux-gnueabihf/5]
    arg [-L/usr/lib/gcc/arm-linux-gnueabihf/5/../../../arm-linux-gnueabihf] ==> dir [/usr/lib/gcc/arm-linux-gnueabihf/5/../../../arm-linux-gnueabihf]
    arg [-L/usr/lib/gcc/arm-linux-gnueabihf/5/../../../../lib] ==> dir [/usr/lib/gcc/arm-linux-gnueabihf/5/../../../../lib]
    arg [-L/lib/arm-linux-gnueabihf] ==> dir [/lib/arm-linux-gnueabihf]
    arg [-L/lib/../lib] ==> dir [/lib/../lib]
    arg [-L/usr/lib/arm-linux-gnueabihf] ==> dir [/usr/lib/arm-linux-gnueabihf]
    arg [-L/usr/lib/../lib] ==> dir [/usr/lib/../lib]
    arg [-L/usr/lib/gcc/arm-linux-gnueabihf/5/../../..] ==> dir [/usr/lib/gcc/arm-linux-gnueabihf/5/../../..]
    arg [CMakeFiles/cmTC_c5a10.dir/CMakeCCompilerABI.c.o] ==> ignore
    arg [-lgcc] ==> lib [gcc]
    arg [--as-needed] ==> ignore
    arg [-lgcc_s] ==> lib [gcc_s]
    arg [--no-as-needed] ==> ignore
    arg [-lc] ==> lib [c]
    arg [-lgcc] ==> lib [gcc]
    arg [--as-needed] ==> ignore
    arg [-lgcc_s] ==> lib [gcc_s]
    arg [--no-as-needed] ==> ignore
    arg [/usr/lib/gcc/arm-linux-gnueabihf/5/crtend.o] ==> ignore
    arg [/usr/lib/gcc/arm-linux-gnueabihf/5/../../../arm-linux-gnueabihf/crtn.o] ==> ignore
  remove lib [gcc]
  remove lib [gcc_s]
  remove lib [gcc]
  remove lib [gcc_s]
  collapse library dir [/usr/lib/gcc/arm-linux-gnueabihf/5] ==> [/usr/lib/gcc/arm-linux-gnueabihf/5]
  collapse library dir [/usr/lib/gcc/arm-linux-gnueabihf/5/../../../arm-linux-gnueabihf] ==> [/usr/lib/arm-linux-gnueabihf]
  collapse library dir [/usr/lib/gcc/arm-linux-gnueabihf/5/../../../../lib] ==> [/usr/lib]
  collapse library dir [/lib/arm-linux-gnueabihf] ==> [/lib/arm-linux-gnueabihf]
  collapse library dir [/lib/../lib] ==> [/lib]
  collapse library dir [/usr/lib/arm-linux-gnueabihf] ==> [/usr/lib/arm-linux-gnueabihf]
  collapse library dir [/usr/lib/../lib] ==> [/usr/lib]
  collapse library dir [/usr/lib/gcc/arm-linux-gnueabihf/5/../../..] ==> [/usr/lib]
  implicit libs: [c]
  implicit dirs: [/usr/lib/gcc/arm-linux-gnueabihf/5;/usr/lib/arm-linux-gnueabihf;/usr/lib;/lib/arm-linux-gnueabihf;/lib]
  implicit fwks: []




Detecting C [-std=c11] compiler features compiled with the following output:
Change Dir: /home/kinova/Documents/kinovaZED/_build/CMakeFiles/CMakeTmp

Run Build Command:"/usr/bin/make" "cmTC_83bcb/fast"
/usr/bin/make -f CMakeFiles/cmTC_83bcb.dir/build.make CMakeFiles/cmTC_83bcb.dir/build
make[1]: Entering directory '/home/kinova/Documents/kinovaZED/_build/CMakeFiles/CMakeTmp'
Building C object CMakeFiles/cmTC_83bcb.dir/feature_tests.c.o
/usr/bin/cc    -std=c11 -o CMakeFiles/cmTC_83bcb.dir/feature_tests.c.o   -c /home/kinova/Documents/kinovaZED/_build/CMakeFiles/feature_tests.c
Linking C executable cmTC_83bcb
/usr/bin/cmake -E cmake_link_script CMakeFiles/cmTC_83bcb.dir/link.txt --verbose=1
/usr/bin/cc       CMakeFiles/cmTC_83bcb.dir/feature_tests.c.o  -o cmTC_83bcb 
make[1]: Leaving directory '/home/kinova/Documents/kinovaZED/_build/CMakeFiles/CMakeTmp'


    Feature record: C_FEATURE:1c_function_prototypes
    Feature record: C_FEATURE:1c_restrict
    Feature record: C_FEATURE:1c_static_assert
    Feature record: C_FEATURE:1c_variadic_macros


Detecting C [-std=c99] compiler features compiled with the following output:
Change Dir: /home/kinova/Documents/kinovaZED/_build/CMakeFiles/CMakeTmp

Run Build Command:"/usr/bin/make" "cmTC_594c2/fast"
/usr/bin/make -f CMakeFiles/cmTC_594c2.dir/build.make CMakeFiles/cmTC_594c2.dir/build
make[1]: Entering directory '/home/kinova/Documents/kinovaZED/_build/CMakeFiles/CMakeTmp'
Building C object CMakeFiles/cmTC_594c2.dir/feature_tests.c.o
/usr/bin/cc    -std=c99 -o CMakeFiles/cmTC_594c2.dir/feature_tests.c.o   -c /home/kinova/Documents/kinovaZED/_build/CMakeFiles/feature_tests.c
Linking C executable cmTC_594c2
/usr/bin/cmake -E cmake_link_script CMakeFiles/cmTC_594c2.dir/link.txt --verbose=1
/usr/bin/cc       CMakeFiles/cmTC_594c2.dir/feature_tests.c.o  -o cmTC_594c2 
make[1]: Leaving directory '/home/kinova/Documents/kinovaZED/_build/CMakeFiles/CMakeTmp'


    Feature record: C_FEATURE:1c_function_prototypes
    Feature record: C_FEATURE:1c_restrict
    Feature record: C_FEATURE:0c_static_assert
    Feature record: C_FEATURE:1c_variadic_macros


Detecting C [-std=c90] compiler features compiled with the following output:
Change Dir: /home/kinova/Documents/kinovaZED/_build/CMakeFiles/CMakeTmp

Run Build Command:"/usr/bin/make" "cmTC_252f3/fast"
/usr/bin/make -f CMakeFiles/cmTC_252f3.dir/build.make CMakeFiles/cmTC_252f3.dir/build
make[1]: Entering directory '/home/kinova/Documents/kinovaZED/_build/CMakeFiles/CMakeTmp'
Building C object CMakeFiles/cmTC_252f3.dir/feature_tests.c.o
/usr/bin/cc    -std=c90 -o CMakeFiles/cmTC_252f3.dir/feature_tests.c.o   -c /home/kinova/Documents/kinovaZED/_build/CMakeFiles/feature_tests.c
Linking C executable cmTC_252f3
/usr/bin/cmake -E cmake_link_script CMakeFiles/cmTC_252f3.dir/link.txt --verbose=1
/usr/bin/cc       CMakeFiles/cmTC_252f3.dir/feature_tests.c.o  -o cmTC_252f3 
make[1]: Leaving directory '/home/kinova/Documents/kinovaZED/_build/CMakeFiles/CMakeTmp'


    Feature record: C_FEATURE:1c_function_prototypes
    Feature record: C_FEATURE:0c_restrict
    Feature record: C_FEATURE:0c_static_assert
    Feature record: C_FEATURE:0c_variadic_macros
Determining if the CXX compiler works passed with the following output:
Change Dir: /home/kinova/Documents/kinovaZED/_build/CMakeFiles/CMakeTmp

Run Build Command:"/usr/bin/make" "cmTC_442b6/fast"
/usr/bin/make -f CMakeFiles/cmTC_442b6.dir/build.make CMakeFiles/cmTC_442b6.dir/build
make[1]: Entering directory '/home/kinova/Documents/kinovaZED/_build/CMakeFiles/CMakeTmp'
Building CXX object CMakeFiles/cmTC_442b6.dir/testCXXCompiler.cxx.o
/usr/bin/c++      -o CMakeFiles/cmTC_442b6.dir/testCXXCompiler.cxx.o -c /home/kinova/Documents/kinovaZED/_build/CMakeFiles/CMakeTmp/testCXXCompiler.cxx
Linking CXX executable cmTC_442b6
/usr/bin/cmake -E cmake_link_script CMakeFiles/cmTC_442b6.dir/link.txt --verbose=1
/usr/bin/c++        CMakeFiles/cmTC_442b6.dir/testCXXCompiler.cxx.o  -o cmTC_442b6 
make[1]: Leaving directory '/home/kinova/Documents/kinovaZED/_build/CMakeFiles/CMakeTmp'


Detecting CXX compiler ABI info compiled with the following output:
Change Dir: /home/kinova/Documents/kinovaZED/_build/CMakeFiles/CMakeTmp

Run Build Command:"/usr/bin/make" "cmTC_4a0d2/fast"
/usr/bin/make -f CMakeFiles/cmTC_4a0d2.dir/build.make CMakeFiles/cmTC_4a0d2.dir/build
make[1]: Entering directory '/home/kinova/Documents/kinovaZED/_build/CMakeFiles/CMakeTmp'
Building CXX object CMakeFiles/cmTC_4a0d2.dir/CMakeCXXCompilerABI.cpp.o
/usr/bin/c++      -o CMakeFiles/cmTC_4a0d2.dir/CMakeCXXCompilerABI.cpp.o -c /usr/share/cmake-3.5/Modules/CMakeCXXCompilerABI.cpp
Linking CXX executable cmTC_4a0d2
/usr/bin/cmake -E cmake_link_script CMakeFiles/cmTC_4a0d2.dir/link.txt --verbose=1
/usr/bin/c++       -v CMakeFiles/cmTC_4a0d2.dir/CMakeCXXCompilerABI.cpp.o  -o cmTC_4a0d2  
Using built-in specs.
COLLECT_GCC=/usr/bin/c++
COLLECT_LTO_WRAPPER=/usr/lib/gcc/arm-linux-gnueabihf/5/lto-wrapper
Target: arm-linux-gnueabihf
Configured with: ../src/configure -v --with-pkgversion='Ubuntu/Linaro 5.4.0-6ubuntu1~16.04.10' --with-bugurl=file:///usr/share/doc/gcc-5/README.Bugs --enable-languages=c,ada,c++,java,go,d,fortran,objc,obj-c++ --prefix=/usr --program-suffix=-5 --enable-shared --enable-linker-build-id --libexecdir=/usr/lib --without-included-gettext --enable-threads=posix --libdir=/usr/lib --enable-nls --with-sysroot=/ --enable-clocale=gnu --enable-libstdcxx-debug --enable-libstdcxx-time=yes --with-default-libstdcxx-abi=new --enable-gnu-unique-object --disable-libitm --disable-libquadmath --enable-plugin --with-system-zlib --disable-browser-plugin --enable-java-awt=gtk --enable-gtk-cairo --with-java-home=/usr/lib/jvm/java-1.5.0-gcj-5-armhf/jre --enable-java-home --with-jvm-root-dir=/usr/lib/jvm/java-1.5.0-gcj-5-armhf --with-jvm-jar-dir=/usr/lib/jvm-exports/java-1.5.0-gcj-5-armhf --with-arch-directory=arm --with-ecj-jar=/usr/share/java/eclipse-ecj.jar --enable-objc-gc --enable-multiarch --enable-multilib --disable-sjlj-exceptions --with-arch=armv7-a --with-fpu=vfpv3-d16 --with-float=hard --with-mode=thumb --disable-werror --enable-multilib --enable-checking=release --build=arm-linux-gnueabihf --host=arm-linux-gnueabihf --target=arm-linux-gnueabihf
Thread model: posix
gcc version 5.4.0 20160609 (Ubuntu/Linaro 5.4.0-6ubuntu1~16.04.10) 
COMPILER_PATH=/usr/lib/gcc/arm-linux-gnueabihf/5/:/usr/lib/gcc/arm-linux-gnueabihf/5/:/usr/lib/gcc/arm-linux-gnueabihf/:/usr/lib/gcc/arm-linux-gnueabihf/5/:/usr/lib/gcc/arm-linux-gnueabihf/
LIBRARY_PATH=/usr/lib/gcc/arm-linux-gnueabihf/5/:/usr/lib/gcc/arm-linux-gnueabihf/5/../../../arm-linux-gnueabihf/:/usr/lib/gcc/arm-linux-gnueabihf/5/../../../../lib/:/lib/arm-linux-gnueabihf/:/lib/../lib/:/usr/lib/arm-linux-gnueabihf/:/usr/lib/../lib/:/usr/lib/gcc/arm-linux-gnueabihf/5/../../../:/lib/:/usr/lib/
COLLECT_GCC_OPTIONS='-v' '-o' 'cmTC_4a0d2' '-shared-libgcc' '-march=armv7-a' '-mfloat-abi=hard' '-mfpu=vfpv3-d16' '-mthumb' '-mtls-dialect=gnu'
 /usr/lib/gcc/arm-linux-gnueabihf/5/collect2 -plugin /usr/lib/gcc/arm-linux-gnueabihf/5/liblto_plugin.so -plugin-opt=/usr/lib/gcc/arm-linux-gnueabihf/5/lto-wrapper -plugin-opt=-fresolution=/tmp/cczIrKhc.res -plugin-opt=-pass-through=-lgcc_s -plugin-opt=-pass-through=-lgcc -plugin-opt=-pass-through=-lc -plugin-opt=-pass-through=-lgcc_s -plugin-opt=-pass-through=-lgcc --sysroot=/ --build-id --eh-frame-hdr -dynamic-linker /lib/ld-linux-armhf.so.3 -X --hash-style=gnu --as-needed -m armelf_linux_eabi -z relro -o cmTC_4a0d2 /usr/lib/gcc/arm-linux-gnueabihf/5/../../../arm-linux-gnueabihf/crt1.o /usr/lib/gcc/arm-linux-gnueabihf/5/../../../arm-linux-gnueabihf/crti.o /usr/lib/gcc/arm-linux-gnueabihf/5/crtbegin.o -L/usr/lib/gcc/arm-linux-gnueabihf/5 -L/usr/lib/gcc/arm-linux-gnueabihf/5/../../../arm-linux-gnueabihf -L/usr/lib/gcc/arm-linux-gnueabihf/5/../../../../lib -L/lib/arm-linux-gnueabihf -L/lib/../lib -L/usr/lib/arm-linux-gnueabihf -L/usr/lib/../lib -L/usr/lib/gcc/arm-linux-gnueabihf/5/../../.. CMakeFiles/cmTC_4a0d2.dir/CMakeCXXCompilerABI.cpp.o -lstdc++ -lm -lgcc_s -lgcc -lc -lgcc_s -lgcc /usr/lib/gcc/arm-linux-gnueabihf/5/crtend.o /usr/lib/gcc/arm-linux-gnueabihf/5/../../../arm-linux-gnueabihf/crtn.o
make[1]: Leaving directory '/home/kinova/Documents/kinovaZED/_build/CMakeFiles/CMakeTmp'


Parsed CXX implicit link information from above output:
  link line regex: [^( *|.*[/\])(ld|([^/\]+-)?ld|collect2)[^/\]*( |$)]
  ignore line: [Change Dir: /home/kinova/Documents/kinovaZED/_build/CMakeFiles/CMakeTmp]
  ignore line: []
  ignore line: [Run Build Command:"/usr/bin/make" "cmTC_4a0d2/fast"]
  ignore line: [/usr/bin/make -f CMakeFiles/cmTC_4a0d2.dir/build.make CMakeFiles/cmTC_4a0d2.dir/build]
  ignore line: [make[1]: Entering directory '/home/kinova/Documents/kinovaZED/_build/CMakeFiles/CMakeTmp']
  ignore line: [Building CXX object CMakeFiles/cmTC_4a0d2.dir/CMakeCXXCompilerABI.cpp.o]
  ignore line: [/usr/bin/c++      -o CMakeFiles/cmTC_4a0d2.dir/CMakeCXXCompilerABI.cpp.o -c /usr/share/cmake-3.5/Modules/CMakeCXXCompilerABI.cpp]
  ignore line: [Linking CXX executable cmTC_4a0d2]
  ignore line: [/usr/bin/cmake -E cmake_link_script CMakeFiles/cmTC_4a0d2.dir/link.txt --verbose=1]
  ignore line: [/usr/bin/c++       -v CMakeFiles/cmTC_4a0d2.dir/CMakeCXXCompilerABI.cpp.o  -o cmTC_4a0d2  ]
  ignore line: [Using built-in specs.]
  ignore line: [COLLECT_GCC=/usr/bin/c++]
  ignore line: [COLLECT_LTO_WRAPPER=/usr/lib/gcc/arm-linux-gnueabihf/5/lto-wrapper]
  ignore line: [Target: arm-linux-gnueabihf]
  ignore line: [Configured with: ../src/configure -v --with-pkgversion='Ubuntu/Linaro 5.4.0-6ubuntu1~16.04.10' --with-bugurl=file:///usr/share/doc/gcc-5/README.Bugs --enable-languages=c,ada,c++,java,go,d,fortran,objc,obj-c++ --prefix=/usr --program-suffix=-5 --enable-shared --enable-linker-build-id --libexecdir=/usr/lib --without-included-gettext --enable-threads=posix --libdir=/usr/lib --enable-nls --with-sysroot=/ --enable-clocale=gnu --enable-libstdcxx-debug --enable-libstdcxx-time=yes --with-default-libstdcxx-abi=new --enable-gnu-unique-object --disable-libitm --disable-libquadmath --enable-plugin --with-system-zlib --disable-browser-plugin --enable-java-awt=gtk --enable-gtk-cairo --with-java-home=/usr/lib/jvm/java-1.5.0-gcj-5-armhf/jre --enable-java-home --with-jvm-root-dir=/usr/lib/jvm/java-1.5.0-gcj-5-armhf --with-jvm-jar-dir=/usr/lib/jvm-exports/java-1.5.0-gcj-5-armhf --with-arch-directory=arm --with-ecj-jar=/usr/share/java/eclipse-ecj.jar --enable-objc-gc --enable-multiarch --enable-multilib --disable-sjlj-exceptions --with-arch=armv7-a --with-fpu=vfpv3-d16 --with-float=hard --with-mode=thumb --disable-werror --enable-multilib --enable-checking=release --build=arm-linux-gnueabihf --host=arm-linux-gnueabihf --target=arm-linux-gnueabihf]
  ignore line: [Thread model: posix]
  ignore line: [gcc version 5.4.0 20160609 (Ubuntu/Linaro 5.4.0-6ubuntu1~16.04.10) ]
  ignore line: [COMPILER_PATH=/usr/lib/gcc/arm-linux-gnueabihf/5/:/usr/lib/gcc/arm-linux-gnueabihf/5/:/usr/lib/gcc/arm-linux-gnueabihf/:/usr/lib/gcc/arm-linux-gnueabihf/5/:/usr/lib/gcc/arm-linux-gnueabihf/]
  ignore line: [LIBRARY_PATH=/usr/lib/gcc/arm-linux-gnueabihf/5/:/usr/lib/gcc/arm-linux-gnueabihf/5/../../../arm-linux-gnueabihf/:/usr/lib/gcc/arm-linux-gnueabihf/5/../../../../lib/:/lib/arm-linux-gnueabihf/:/lib/../lib/:/usr/lib/arm-linux-gnueabihf/:/usr/lib/../lib/:/usr/lib/gcc/arm-linux-gnueabihf/5/../../../:/lib/:/usr/lib/]
  ignore line: [COLLECT_GCC_OPTIONS='-v' '-o' 'cmTC_4a0d2' '-shared-libgcc' '-march=armv7-a' '-mfloat-abi=hard' '-mfpu=vfpv3-d16' '-mthumb' '-mtls-dialect=gnu']
  link line: [ /usr/lib/gcc/arm-linux-gnueabihf/5/collect2 -plugin /usr/lib/gcc/arm-linux-gnueabihf/5/liblto_plugin.so -plugin-opt=/usr/lib/gcc/arm-linux-gnueabihf/5/lto-wrapper -plugin-opt=-fresolution=/tmp/cczIrKhc.res -plugin-opt=-pass-through=-lgcc_s -plugin-opt=-pass-through=-lgcc -plugin-opt=-pass-through=-lc -plugin-opt=-pass-through=-lgcc_s -plugin-opt=-pass-through=-lgcc --sysroot=/ --build-id --eh-frame-hdr -dynamic-linker /lib/ld-linux-armhf.so.3 -X --hash-style=gnu --as-needed -m armelf_linux_eabi -z relro -o cmTC_4a0d2 /usr/lib/gcc/arm-linux-gnueabihf/5/../../../arm-linux-gnueabihf/crt1.o /usr/lib/gcc/arm-linux-gnueabihf/5/../../../arm-linux-gnueabihf/crti.o /usr/lib/gcc/arm-linux-gnueabihf/5/crtbegin.o -L/usr/lib/gcc/arm-linux-gnueabihf/5 -L/usr/lib/gcc/arm-linux-gnueabihf/5/../../../arm-linux-gnueabihf -L/usr/lib/gcc/arm-linux-gnueabihf/5/../../../../lib -L/lib/arm-linux-gnueabihf -L/lib/../lib -L/usr/lib/arm-linux-gnueabihf -L/usr/lib/../lib -L/usr/lib/gcc/arm-linux-gnueabihf/5/../../.. CMakeFiles/cmTC_4a0d2.dir/CMakeCXXCompilerABI.cpp.o -lstdc++ -lm -lgcc_s -lgcc -lc -lgcc_s -lgcc /usr/lib/gcc/arm-linux-gnueabihf/5/crtend.o /usr/lib/gcc/arm-linux-gnueabihf/5/../../../arm-linux-gnueabihf/crtn.o]
    arg [/usr/lib/gcc/arm-linux-gnueabihf/5/collect2] ==> ignore
    arg [-plugin] ==> ignore
    arg [/usr/lib/gcc/arm-linux-gnueabihf/5/liblto_plugin.so] ==> ignore
    arg [-plugin-opt=/usr/lib/gcc/arm-linux-gnueabihf/5/lto-wrapper] ==> ignore
    arg [-plugin-opt=-fresolution=/tmp/cczIrKhc.res] ==> ignore
    arg [-plugin-opt=-pass-through=-lgcc_s] ==> ignore
    arg [-plugin-opt=-pass-through=-lgcc] ==> ignore
    arg [-plugin-opt=-pass-through=-lc] ==> ignore
    arg [-plugin-opt=-pass-through=-lgcc_s] ==> ignore
    arg [-plugin-opt=-pass-through=-lgcc] ==> ignore
    arg [--sysroot=/] ==> ignore
    arg [--build-id] ==> ignore
    arg [--eh-frame-hdr] ==> ignore
    arg [-dynamic-linker] ==> ignore
    arg [/lib/ld-linux-armhf.so.3] ==> ignore
    arg [-X] ==> ignore
    arg [--hash-style=gnu] ==> ignore
    arg [--as-needed] ==> ignore
    arg [-m] ==> ignore
    arg [armelf_linux_eabi] ==> ignore
    arg [-zrelro] ==> ignore
    arg [-o] ==> ignore
    arg [cmTC_4a0d2] ==> ignore
    arg [/usr/lib/gcc/arm-linux-gnueabihf/5/../../../arm-linux-gnueabihf/crt1.o] ==> ignore
    arg [/usr/lib/gcc/arm-linux-gnueabihf/5/../../../arm-linux-gnueabihf/crti.o] ==> ignore
    arg [/usr/lib/gcc/arm-linux-gnueabihf/5/crtbegin.o] ==> ignore
    arg [-L/usr/lib/gcc/arm-linux-gnueabihf/5] ==> dir [/usr/lib/gcc/arm-linux-gnueabihf/5]
    arg [-L/usr/lib/gcc/arm-linux-gnueabihf/5/../../../arm-linux-gnueabihf] ==> dir [/usr/lib/gcc/arm-linux-gnueabihf/5/../../../arm-linux-gnueabihf]
    arg [-L/usr/lib/gcc/arm-linux-gnueabihf/5/../../../../lib] ==> dir [/usr/lib/gcc/arm-linux-gnueabihf/5/../../../../lib]
    arg [-L/lib/arm-linux-gnueabihf] ==> dir [/lib/arm-linux-gnueabihf]
    arg [-L/lib/../lib] ==> dir [/lib/../lib]
    arg [-L/usr/lib/arm-linux-gnueabihf] ==> dir [/usr/lib/arm-linux-gnueabihf]
    arg [-L/usr/lib/../lib] ==> dir [/usr/lib/../lib]
    arg [-L/usr/lib/gcc/arm-linux-gnueabihf/5/../../..] ==> dir [/usr/lib/gcc/arm-linux-gnueabihf/5/../../..]
    arg [CMakeFiles/cmTC_4a0d2.dir/CMakeCXXCompilerABI.cpp.o] ==> ignore
    arg [-lstdc++] ==> lib [stdc++]
    arg [-lm] ==> lib [m]
    arg [-lgcc_s] ==> lib [gcc_s]
    arg [-lgcc] ==> lib [gcc]
    arg [-lc] ==> lib [c]
    arg [-lgcc_s] ==> lib [gcc_s]
    arg [-lgcc] ==> lib [gcc]
    arg [/usr/lib/gcc/arm-linux-gnueabihf/5/crtend.o] ==> ignore
    arg [/usr/lib/gcc/arm-linux-gnueabihf/5/../../../arm-linux-gnueabihf/crtn.o] ==> ignore
  remove lib [gcc_s]
  remove lib [gcc]
  remove lib [gcc_s]
  remove lib [gcc]
  collapse library dir [/usr/lib/gcc/arm-linux-gnueabihf/5] ==> [/usr/lib/gcc/arm-linux-gnueabihf/5]
  collapse library dir [/usr/lib/gcc/arm-linux-gnueabihf/5/../../../arm-linux-gnueabihf] ==> [/usr/lib/arm-linux-gnueabihf]
  collapse library dir [/usr/lib/gcc/arm-linux-gnueabihf/5/../../../../lib] ==> [/usr/lib]
  collapse library dir [/lib/arm-linux-gnueabihf] ==> [/lib/arm-linux-gnueabihf]
  collapse library dir [/lib/../lib] ==> [/lib]
  collapse library dir [/usr/lib/arm-linux-gnueabihf] ==> [/usr/lib/arm-linux-gnueabihf]
  collapse library dir [/usr/lib/../lib] ==> [/usr/lib]
  collapse library dir [/usr/lib/gcc/arm-linux-gnueabihf/5/../../..] ==> [/usr/lib]
  implicit libs: [stdc++;m;c]
  implicit dirs: [/usr/lib/gcc/arm-linux-gnueabihf/5;/usr/lib/arm-linux-gnueabihf;/usr/lib;/lib/arm-linux-gnueabihf;/lib]
  implicit fwks: []




Detecting CXX [-std=c++14] compiler features compiled with the following output:
Change Dir: /home/kinova/Documents/kinovaZED/_build/CMakeFiles/CMakeTmp

Run Build Command:"/usr/bin/make" "cmTC_26d7f/fast"
/usr/bin/make -f CMakeFiles/cmTC_26d7f.dir/build.make CMakeFiles/cmTC_26d7f.dir/build
make[1]: Entering directory '/home/kinova/Documents/kinovaZED/_build/CMakeFiles/CMakeTmp'
Building CXX object CMakeFiles/cmTC_26d7f.dir/feature_tests.cxx.o
/usr/bin/c++     -std=c++14 -o CMakeFiles/cmTC_26d7f.dir/feature_tests.cxx.o -c /home/kinova/Documents/kinovaZED/_build/CMakeFiles/feature_tests.cxx
Linking CXX executable cmTC_26d7f
/usr/bin/cmake -E cmake_link_script CMakeFiles/cmTC_26d7f.dir/link.txt --verbose=1
/usr/bin/c++        CMakeFiles/cmTC_26d7f.dir/feature_tests.cxx.o  -o cmTC_26d7f 
make[1]: Leaving directory '/home/kinova/Documents/kinovaZED/_build/CMakeFiles/CMakeTmp'


    Feature record: CXX_FEATURE:1cxx_aggregate_default_initializers
    Feature record: CXX_FEATURE:1cxx_alias_templates
    Feature record: CXX_FEATURE:1cxx_alignas
    Feature record: CXX_FEATURE:1cxx_alignof
    Feature record: CXX_FEATURE:1cxx_attributes
    Feature record: CXX_FEATURE:1cxx_attribute_deprecated
    Feature record: CXX_FEATURE:1cxx_auto_type
    Feature record: CXX_FEATURE:1cxx_binary_literals
    Feature record: CXX_FEATURE:1cxx_constexpr
    Feature record: CXX_FEATURE:1cxx_contextual_conversions
    Feature record: CXX_FEATURE:1cxx_decltype
    Feature record: CXX_FEATURE:1cxx_decltype_auto
    Feature record: CXX_FEATURE:1cxx_decltype_incomplete_return_types
    Feature record: CXX_FEATURE:1cxx_default_function_template_args
    Feature record: CXX_FEATURE:1cxx_defaulted_functions
    Feature record: CXX_FEATURE:1cxx_defaulted_move_initializers
    Feature record: CXX_FEATURE:1cxx_delegating_constructors
    Feature record: CXX_FEATURE:1cxx_deleted_functions
    Feature record: CXX_FEATURE:1cxx_digit_separators
    Feature record: CXX_FEATURE:1cxx_enum_forward_declarations
    Feature record: CXX_FEATURE:1cxx_explicit_conversions
    Feature record: CXX_FEATURE:1cxx_extended_friend_declarations
    Feature record: CXX_FEATURE:1cxx_extern_templates
    Feature record: CXX_FEATURE:1cxx_final
    Feature record: CXX_FEATURE:1cxx_func_identifier
    Feature record: CXX_FEATURE:1cxx_generalized_initializers
    Feature record: CXX_FEATURE:1cxx_generic_lambdas
    Feature record: CXX_FEATURE:1cxx_inheriting_constructors
    Feature record: CXX_FEATURE:1cxx_inline_namespaces
    Feature record: CXX_FEATURE:1cxx_lambdas
    Feature record: CXX_FEATURE:1cxx_lambda_init_captures
    Feature record: CXX_FEATURE:1cxx_local_type_template_args
    Feature record: CXX_FEATURE:1cxx_long_long_type
    Feature record: CXX_FEATURE:1cxx_noexcept
    Feature record: CXX_FEATURE:1cxx_nonstatic_member_init
    Feature record: CXX_FEATURE:1cxx_nullptr
    Feature record: CXX_FEATURE:1cxx_override
    Feature record: CXX_FEATURE:1cxx_range_for
    Feature record: CXX_FEATURE:1cxx_raw_string_literals
    Feature record: CXX_FEATURE:1cxx_reference_qualified_functions
    Feature record: CXX_FEATURE:1cxx_relaxed_constexpr
    Feature record: CXX_FEATURE:1cxx_return_type_deduction
    Feature record: CXX_FEATURE:1cxx_right_angle_brackets
    Feature record: CXX_FEATURE:1cxx_rvalue_references
    Feature record: CXX_FEATURE:1cxx_sizeof_member
    Feature record: CXX_FEATURE:1cxx_static_assert
    Feature record: CXX_FEATURE:1cxx_strong_enums
    Feature record: CXX_FEATURE:1cxx_template_template_parameters
    Feature record: CXX_FEATURE:1cxx_thread_local
    Feature record: CXX_FEATURE:1cxx_trailing_return_types
    Feature record: CXX_FEATURE:1cxx_unicode_literals
    Feature record: CXX_FEATURE:1cxx_uniform_initialization
    Feature record: CXX_FEATURE:1cxx_unrestricted_unions
    Feature record: CXX_FEATURE:1cxx_user_literals
    Feature record: CXX_FEATURE:1cxx_variable_templates
    Feature record: CXX_FEATURE:1cxx_variadic_macros
    Feature record: CXX_FEATURE:1cxx_variadic_templates


Detecting CXX [-std=c++11] compiler features compiled with the following output:
Change Dir: /home/kinova/Documents/kinovaZED/_build/CMakeFiles/CMakeTmp

Run Build Command:"/usr/bin/make" "cmTC_cba0f/fast"
/usr/bin/make -f CMakeFiles/cmTC_cba0f.dir/build.make CMakeFiles/cmTC_cba0f.dir/build
make[1]: Entering directory '/home/kinova/Documents/kinovaZED/_build/CMakeFiles/CMakeTmp'
Building CXX object CMakeFiles/cmTC_cba0f.dir/feature_tests.cxx.o
/usr/bin/c++     -std=c++11 -o CMakeFiles/cmTC_cba0f.dir/feature_tests.cxx.o -c /home/kinova/Documents/kinovaZED/_build/CMakeFiles/feature_tests.cxx
Linking CXX executable cmTC_cba0f
/usr/bin/cmake -E cmake_link_script CMakeFiles/cmTC_cba0f.dir/link.txt --verbose=1
/usr/bin/c++        CMakeFiles/cmTC_cba0f.dir/feature_tests.cxx.o  -o cmTC_cba0f 
make[1]: Leaving directory '/home/kinova/Documents/kinovaZED/_build/CMakeFiles/CMakeTmp'


    Feature record: CXX_FEATURE:0cxx_aggregate_default_initializers
    Feature record: CXX_FEATURE:1cxx_alias_templates
    Feature record: CXX_FEATURE:1cxx_alignas
    Feature record: CXX_FEATURE:1cxx_alignof
    Feature record: CXX_FEATURE:1cxx_attributes
    Feature record: CXX_FEATURE:0cxx_attribute_deprecated
    Feature record: CXX_FEATURE:1cxx_auto_type
    Feature record: CXX_FEATURE:0cxx_binary_literals
    Feature record: CXX_FEATURE:1cxx_constexpr
    Feature record: CXX_FEATURE:0cxx_contextual_conversions
    Feature record: CXX_FEATURE:1cxx_decltype
    Feature record: CXX_FEATURE:0cxx_decltype_auto
    Feature record: CXX_FEATURE:1cxx_decltype_incomplete_return_types
    Feature record: CXX_FEATURE:1cxx_default_function_template_args
    Feature record: CXX_FEATURE:1cxx_defaulted_functions
    Feature record: CXX_FEATURE:1cxx_defaulted_move_initializers
    Feature record: CXX_FEATURE:1cxx_delegating_constructors
    Feature record: CXX_FEATURE:1cxx_deleted_functions
    Feature record: CXX_FEATURE:0cxx_digit_separators
    Feature record: CXX_FEATURE:1cxx_enum_forward_declarations
    Feature record: CXX_FEATURE:1cxx_explicit_conversions
    Feature record: CXX_FEATURE:1cxx_extended_friend_declarations
    Feature record: CXX_FEATURE:1cxx_extern_templates
    Feature record: CXX_FEATURE:1cxx_final
    Feature record: CXX_FEATURE:1cxx_func_identifier
    Feature record: CXX_FEATURE:1cxx_generalized_initializers
    Feature record: CXX_FEATURE:0cxx_generic_lambdas
    Feature record: CXX_FEATURE:1cxx_inheriting_constructors
    Feature record: CXX_FEATURE:1cxx_inline_namespaces
    Feature record: CXX_FEATURE:1cxx_lambdas
    Feature record: CXX_FEATURE:0cxx_lambda_init_captures
    Feature record: CXX_FEATURE:1cxx_local_type_template_args
    Feature record: CXX_FEATURE:1cxx_long_long_type
    Feature record: CXX_FEATURE:1cxx_noexcept
    Feature record: CXX_FEATURE:1cxx_nonstatic_member_init
    Feature record: CXX_FEATURE:1cxx_nullptr
    Feature record: CXX_FEATURE:1cxx_override
    Feature record: CXX_FEATURE:1cxx_range_for
    Feature record: CXX_FEATURE:1cxx_raw_string_literals
    Feature record: CXX_FEATURE:1cxx_reference_qualified_functions
    Feature record: CXX_FEATURE:0cxx_relaxed_constexpr
    Feature record: CXX_FEATURE:0cxx_return_type_deduction
    Feature record: CXX_FEATURE:1cxx_right_angle_brackets
    Feature record: CXX_FEATURE:1cxx_rvalue_references
    Feature record: CXX_FEATURE:1cxx_sizeof_member
    Feature record: CXX_FEATURE:1cxx_static_assert
    Feature record: CXX_FEATURE:1cxx_strong_enums
    Feature record: CXX_FEATURE:1cxx_template_template_parameters
    Feature record: CXX_FEATURE:1cxx_thread_local
    Feature record: CXX_FEATURE:1cxx_trailing_return_types
    Feature record: CXX_FEATURE:1cxx_unicode_literals
    Feature record: CXX_FEATURE:1cxx_uniform_initialization
    Feature record: CXX_FEATURE:1cxx_unrestricted_unions
    Feature record: CXX_FEATURE:1cxx_user_literals
    Feature record: CXX_FEATURE:0cxx_variable_templates
    Feature record: CXX_FEATURE:1cxx_variadic_macros
    Feature record: CXX_FEATURE:1cxx_variadic_templates


Detecting CXX [-std=c++98] compiler features compiled with the following output:
Change Dir: /home/kinova/Documents/kinovaZED/_build/CMakeFiles/CMakeTmp

Run Build Command:"/usr/bin/make" "cmTC_b568e/fast"
/usr/bin/make -f CMakeFiles/cmTC_b568e.dir/build.make CMakeFiles/cmTC_b568e.dir/build
make[1]: Entering directory '/home/kinova/Documents/kinovaZED/_build/CMakeFiles/CMakeTmp'
Building CXX object CMakeFiles/cmTC_b568e.dir/feature_tests.cxx.o
/usr/bin/c++     -std=c++98 -o CMakeFiles/cmTC_b568e.dir/feature_tests.cxx.o -c /home/kinova/Documents/kinovaZED/_build/CMakeFiles/feature_tests.cxx
Linking CXX executable cmTC_b568e
/usr/bin/cmake -E cmake_link_script CMakeFiles/cmTC_b568e.dir/link.txt --verbose=1
/usr/bin/c++        CMakeFiles/cmTC_b568e.dir/feature_tests.cxx.o  -o cmTC_b568e 
make[1]: Leaving directory '/home/kinova/Documents/kinovaZED/_build/CMakeFiles/CMakeTmp'


    Feature record: CXX_FEATURE:0cxx_aggregate_default_initializers
    Feature record: CXX_FEATURE:0cxx_alias_templates
    Feature record: CXX_FEATURE:0cxx_alignas
    Feature record: CXX_FEATURE:0cxx_alignof
    Feature record: CXX_FEATURE:0cxx_attributes
    Feature record: CXX_FEATURE:0cxx_attribute_deprecated
    Feature record: CXX_FEATURE:0cxx_auto_type
    Feature record: CXX_FEATURE:0cxx_binary_literals
    Feature record: CXX_FEATURE:0cxx_constexpr
    Feature record: CXX_FEATURE:0cxx_contextual_conversions
    Feature record: CXX_FEATURE:0cxx_decltype
    Feature record: CXX_FEATURE:0cxx_decltype_auto
    Feature record: CXX_FEATURE:0cxx_decltype_incomplete_return_types
    Feature record: CXX_FEATURE:0cxx_default_function_template_args
    Feature record: CXX_FEATURE:0cxx_defaulted_functions
    Feature record: CXX_FEATURE:0cxx_defaulted_move_initializers
    Feature record: CXX_FEATURE:0cxx_delegating_constructors
    Feature record: CXX_FEATURE:0cxx_deleted_functions
    Feature record: CXX_FEATURE:0cxx_digit_separators
    Feature record: CXX_FEATURE:0cxx_enum_forward_declarations
    Feature record: CXX_FEATURE:0cxx_explicit_conversions
    Feature record: CXX_FEATURE:0cxx_extended_friend_declarations
    Feature record: CXX_FEATURE:0cxx_extern_templates
    Feature record: CXX_FEATURE:0cxx_final
    Feature record: CXX_FEATURE:0cxx_func_identifier
    Feature record: CXX_FEATURE:0cxx_generalized_initializers
    Feature record: CXX_FEATURE:0cxx_generic_lambdas
    Feature record: CXX_FEATURE:0cxx_inheriting_constructors
    Feature record: CXX_FEATURE:0cxx_inline_namespaces
    Feature record: CXX_FEATURE:0cxx_lambdas
    Feature record: CXX_FEATURE:0cxx_lambda_init_captures
    Feature record: CXX_FEATURE:0cxx_local_type_template_args
    Feature record: CXX_FEATURE:0cxx_long_long_type
    Feature record: CXX_FEATURE:0cxx_noexcept
    Feature record: CXX_FEATURE:0cxx_nonstatic_member_init
    Feature record: CXX_FEATURE:0cxx_nullptr
    Feature record: CXX_FEATURE:0cxx_override
    Feature record: CXX_FEATURE:0cxx_range_for
    Feature record: CXX_FEATURE:0cxx_raw_string_literals
    Feature record: CXX_FEATURE:0cxx_reference_qualified_functions
    Feature record: CXX_FEATURE:0cxx_relaxed_constexpr
    Feature record: CXX_FEATURE:0cxx_return_type_deduction
    Feature record: CXX_FEATURE:0cxx_right_angle_brackets
    Feature record: CXX_FEATURE:0cxx_rvalue_references
    Feature record: CXX_FEATURE:0cxx_sizeof_member
    Feature record: CXX_FEATURE:0cxx_static_assert
    Feature record: CXX_FEATURE:0cxx_strong_enums
    Feature record: CXX_FEATURE:1cxx_template_template_parameters
    Feature record: CXX_FEATURE:0cxx_thread_local
    Feature record: CXX_FEATURE:0cxx_trailing_return_types
    Feature record: CXX_FEATURE:0cxx_unicode_literals
    Feature record: CXX_FEATURE:0cxx_uniform_initialization
    Feature record: CXX_FEATURE:0cxx_unrestricted_unions
    Feature record: CXX_FEATURE:0cxx_user_literals
    Feature record: CXX_FEATURE:0cxx_variable_templates
    Feature record: CXX_FEATURE:0cxx_variadic_macros
    Feature record: CXX_FEATURE:0cxx_variadic_templates
Determining if files endian.h exist passed with the following output:
Change Dir: /home/kinova/Documents/kinovaZED/_build/CMakeFiles/CMakeTmp

Run Build Command:"/usr/bin/make" "cmTC_08c1b/fast"
/usr/bin/make -f CMakeFiles/cmTC_08c1b.dir/build.make CMakeFiles/cmTC_08c1b.dir/build
make[1]: Entering directory '/home/kinova/Documents/kinovaZED/_build/CMakeFiles/CMakeTmp'
Building C object CMakeFiles/cmTC_08c1b.dir/CheckIncludeFiles.c.o
/usr/bin/cc     -o CMakeFiles/cmTC_08c1b.dir/CheckIncludeFiles.c.o   -c /home/kinova/Documents/kinovaZED/_build/CMakeFiles/CMakeTmp/CheckIncludeFiles.c
Linking C executable cmTC_08c1b
/usr/bin/cmake -E cmake_link_script CMakeFiles/cmTC_08c1b.dir/link.txt --verbose=1
/usr/bin/cc       CMakeFiles/cmTC_08c1b.dir/CheckIncludeFiles.c.o  -o cmTC_08c1b -rdynamic 
make[1]: Leaving directory '/home/kinova/Documents/kinovaZED/_build/CMakeFiles/CMakeTmp'


Determining if files fcntl.h exist passed with the following output:
Change Dir: /home/kinova/Documents/kinovaZED/_build/CMakeFiles/CMakeTmp

Run Build Command:"/usr/bin/make" "cmTC_d0acb/fast"
/usr/bin/make -f CMakeFiles/cmTC_d0acb.dir/build.make CMakeFiles/cmTC_d0acb.dir/build
make[1]: Entering directory '/home/kinova/Documents/kinovaZED/_build/CMakeFiles/CMakeTmp'
Building C object CMakeFiles/cmTC_d0acb.dir/CheckIncludeFiles.c.o
/usr/bin/cc     -o CMakeFiles/cmTC_d0acb.dir/CheckIncludeFiles.c.o   -c /home/kinova/Documents/kinovaZED/_build/CMakeFiles/CMakeTmp/CheckIncludeFiles.c
Linking C executable cmTC_d0acb
/usr/bin/cmake -E cmake_link_script CMakeFiles/cmTC_d0acb.dir/link.txt --verbose=1
/usr/bin/cc       CMakeFiles/cmTC_d0acb.dir/CheckIncludeFiles.c.o  -o cmTC_d0acb -rdynamic 
make[1]: Leaving directory '/home/kinova/Documents/kinovaZED/_build/CMakeFiles/CMakeTmp'


Determining if files sched.h exist passed with the following output:
Change Dir: /home/kinova/Documents/kinovaZED/_build/CMakeFiles/CMakeTmp

Run Build Command:"/usr/bin/make" "cmTC_cab62/fast"
/usr/bin/make -f CMakeFiles/cmTC_cab62.dir/build.make CMakeFiles/cmTC_cab62.dir/build
make[1]: Entering directory '/home/kinova/Documents/kinovaZED/_build/CMakeFiles/CMakeTmp'
Building C object CMakeFiles/cmTC_cab62.dir/CheckIncludeFiles.c.o
/usr/bin/cc     -o CMakeFiles/cmTC_cab62.dir/CheckIncludeFiles.c.o   -c /home/kinova/Documents/kinovaZED/_build/CMakeFiles/CMakeTmp/CheckIncludeFiles.c
Linking C executable cmTC_cab62
/usr/bin/cmake -E cmake_link_script CMakeFiles/cmTC_cab62.dir/link.txt --verbose=1
/usr/bin/cc       CMakeFiles/cmTC_cab62.dir/CheckIncludeFiles.c.o  -o cmTC_cab62 -rdynamic 
make[1]: Leaving directory '/home/kinova/Documents/kinovaZED/_build/CMakeFiles/CMakeTmp'


Determining if files unistd.h exist passed with the following output:
Change Dir: /home/kinova/Documents/kinovaZED/_build/CMakeFiles/CMakeTmp

Run Build Command:"/usr/bin/make" "cmTC_f5ae4/fast"
/usr/bin/make -f CMakeFiles/cmTC_f5ae4.dir/build.make CMakeFiles/cmTC_f5ae4.dir/build
make[1]: Entering directory '/home/kinova/Documents/kinovaZED/_build/CMakeFiles/CMakeTmp'
Building C object CMakeFiles/cmTC_f5ae4.dir/CheckIncludeFiles.c.o
/usr/bin/cc     -o CMakeFiles/cmTC_f5ae4.dir/CheckIncludeFiles.c.o   -c /home/kinova/Documents/kinovaZED/_build/CMakeFiles/CMakeTmp/CheckIncludeFiles.c
Linking C executable cmTC_f5ae4
/usr/bin/cmake -E cmake_link_script CMakeFiles/cmTC_f5ae4.dir/link.txt --verbose=1
/usr/bin/cc       CMakeFiles/cmTC_f5ae4.dir/CheckIncludeFiles.c.o  -o cmTC_f5ae4 -rdynamic 
make[1]: Leaving directory '/home/kinova/Documents/kinovaZED/_build/CMakeFiles/CMakeTmp'


Determining if files sys/param.h exist passed with the following output:
Change Dir: /home/kinova/Documents/kinovaZED/_build/CMakeFiles/CMakeTmp

Run Build Command:"/usr/bin/make" "cmTC_b5173/fast"
/usr/bin/make -f CMakeFiles/cmTC_b5173.dir/build.make CMakeFiles/cmTC_b5173.dir/build
make[1]: Entering directory '/home/kinova/Documents/kinovaZED/_build/CMakeFiles/CMakeTmp'
Building C object CMakeFiles/cmTC_b5173.dir/CheckIncludeFiles.c.o
/usr/bin/cc     -o CMakeFiles/cmTC_b5173.dir/CheckIncludeFiles.c.o   -c /home/kinova/Documents/kinovaZED/_build/CMakeFiles/CMakeTmp/CheckIncludeFiles.c
Linking C executable cmTC_b5173
/usr/bin/cmake -E cmake_link_script CMakeFiles/cmTC_b5173.dir/link.txt --verbose=1
/usr/bin/cc       CMakeFiles/cmTC_b5173.dir/CheckIncludeFiles.c.o  -o cmTC_b5173 -rdynamic 
make[1]: Leaving directory '/home/kinova/Documents/kinovaZED/_build/CMakeFiles/CMakeTmp'


Determining if files sys/stat.h exist passed with the following output:
Change Dir: /home/kinova/Documents/kinovaZED/_build/CMakeFiles/CMakeTmp

Run Build Command:"/usr/bin/make" "cmTC_48423/fast"
/usr/bin/make -f CMakeFiles/cmTC_48423.dir/build.make CMakeFiles/cmTC_48423.dir/build
make[1]: Entering directory '/home/kinova/Documents/kinovaZED/_build/CMakeFiles/CMakeTmp'
Building C object CMakeFiles/cmTC_48423.dir/CheckIncludeFiles.c.o
/usr/bin/cc     -o CMakeFiles/cmTC_48423.dir/CheckIncludeFiles.c.o   -c /home/kinova/Documents/kinovaZED/_build/CMakeFiles/CMakeTmp/CheckIncludeFiles.c
Linking C executable cmTC_48423
/usr/bin/cmake -E cmake_link_script CMakeFiles/cmTC_48423.dir/link.txt --verbose=1
/usr/bin/cc       CMakeFiles/cmTC_48423.dir/CheckIncludeFiles.c.o  -o cmTC_48423 -rdynamic 
make[1]: Leaving directory '/home/kinova/Documents/kinovaZED/_build/CMakeFiles/CMakeTmp'


Determining if files sys/time.h exist passed with the following output:
Change Dir: /home/kinova/Documents/kinovaZED/_build/CMakeFiles/CMakeTmp

Run Build Command:"/usr/bin/make" "cmTC_58c1b/fast"
/usr/bin/make -f CMakeFiles/cmTC_58c1b.dir/build.make CMakeFiles/cmTC_58c1b.dir/build
make[1]: Entering directory '/home/kinova/Documents/kinovaZED/_build/CMakeFiles/CMakeTmp'
Building C object CMakeFiles/cmTC_58c1b.dir/CheckIncludeFiles.c.o
/usr/bin/cc     -o CMakeFiles/cmTC_58c1b.dir/CheckIncludeFiles.c.o   -c /home/kinova/Documents/kinovaZED/_build/CMakeFiles/CMakeTmp/CheckIncludeFiles.c
Linking C executable cmTC_58c1b
/usr/bin/cmake -E cmake_link_script CMakeFiles/cmTC_58c1b.dir/link.txt --verbose=1
/usr/bin/cc       CMakeFiles/cmTC_58c1b.dir/CheckIncludeFiles.c.o  -o cmTC_58c1b -rdynamic 
make[1]: Leaving directory '/home/kinova/Documents/kinovaZED/_build/CMakeFiles/CMakeTmp'


Determining if files sys/types.h exist passed with the following output:
Change Dir: /home/kinova/Documents/kinovaZED/_build/CMakeFiles/CMakeTmp

Run Build Command:"/usr/bin/make" "cmTC_82516/fast"
/usr/bin/make -f CMakeFiles/cmTC_82516.dir/build.make CMakeFiles/cmTC_82516.dir/build
make[1]: Entering directory '/home/kinova/Documents/kinovaZED/_build/CMakeFiles/CMakeTmp'
Building C object CMakeFiles/cmTC_82516.dir/CheckIncludeFiles.c.o
/usr/bin/cc     -o CMakeFiles/cmTC_82516.dir/CheckIncludeFiles.c.o   -c /home/kinova/Documents/kinovaZED/_build/CMakeFiles/CMakeTmp/CheckIncludeFiles.c
Linking C executable cmTC_82516
/usr/bin/cmake -E cmake_link_script CMakeFiles/cmTC_82516.dir/link.txt --verbose=1
/usr/bin/cc       CMakeFiles/cmTC_82516.dir/CheckIncludeFiles.c.o  -o cmTC_82516 -rdynamic 
make[1]: Leaving directory '/home/kinova/Documents/kinovaZED/_build/CMakeFiles/CMakeTmp'


Determining if the function close exists passed with the following output:
Change Dir: /home/kinova/Documents/kinovaZED/_build/CMakeFiles/CMakeTmp

Run Build Command:"/usr/bin/make" "cmTC_1bc18/fast"
/usr/bin/make -f CMakeFiles/cmTC_1bc18.dir/build.make CMakeFiles/cmTC_1bc18.dir/build
make[1]: Entering directory '/home/kinova/Documents/kinovaZED/_build/CMakeFiles/CMakeTmp'
Building C object CMakeFiles/cmTC_1bc18.dir/CheckFunctionExists.c.o
/usr/bin/cc    -DCHECK_FUNCTION_EXISTS=close   -o CMakeFiles/cmTC_1bc18.dir/CheckFunctionExists.c.o   -c /usr/share/cmake-3.5/Modules/CheckFunctionExists.c
Linking C executable cmTC_1bc18
/usr/bin/cmake -E cmake_link_script CMakeFiles/cmTC_1bc18.dir/link.txt --verbose=1
/usr/bin/cc   -DCHECK_FUNCTION_EXISTS=close    CMakeFiles/cmTC_1bc18.dir/CheckFunctionExists.c.o  -o cmTC_1bc18 -rdynamic 
make[1]: Leaving directory '/home/kinova/Documents/kinovaZED/_build/CMakeFiles/CMakeTmp'


Determining if the function getpid exists passed with the following output:
Change Dir: /home/kinova/Documents/kinovaZED/_build/CMakeFiles/CMakeTmp

Run Build Command:"/usr/bin/make" "cmTC_31072/fast"
/usr/bin/make -f CMakeFiles/cmTC_31072.dir/build.make CMakeFiles/cmTC_31072.dir/build
make[1]: Entering directory '/home/kinova/Documents/kinovaZED/_build/CMakeFiles/CMakeTmp'
Building C object CMakeFiles/cmTC_31072.dir/CheckFunctionExists.c.o
/usr/bin/cc    -DCHECK_FUNCTION_EXISTS=getpid   -o CMakeFiles/cmTC_31072.dir/CheckFunctionExists.c.o   -c /usr/share/cmake-3.5/Modules/CheckFunctionExists.c
Linking C executable cmTC_31072
/usr/bin/cmake -E cmake_link_script CMakeFiles/cmTC_31072.dir/link.txt --verbose=1
/usr/bin/cc   -DCHECK_FUNCTION_EXISTS=getpid    CMakeFiles/cmTC_31072.dir/CheckFunctionExists.c.o  -o cmTC_31072 -rdynamic 
make[1]: Leaving directory '/home/kinova/Documents/kinovaZED/_build/CMakeFiles/CMakeTmp'


Determining if the function gettimeofday exists passed with the following output:
Change Dir: /home/kinova/Documents/kinovaZED/_build/CMakeFiles/CMakeTmp

Run Build Command:"/usr/bin/make" "cmTC_54a12/fast"
/usr/bin/make -f CMakeFiles/cmTC_54a12.dir/build.make CMakeFiles/cmTC_54a12.dir/build
make[1]: Entering directory '/home/kinova/Documents/kinovaZED/_build/CMakeFiles/CMakeTmp'
Building C object CMakeFiles/cmTC_54a12.dir/CheckFunctionExists.c.o
/usr/bin/cc    -DCHECK_FUNCTION_EXISTS=gettimeofday   -o CMakeFiles/cmTC_54a12.dir/CheckFunctionExists.c.o   -c /usr/share/cmake-3.5/Modules/CheckFunctionExists.c
Linking C executable cmTC_54a12
/usr/bin/cmake -E cmake_link_script CMakeFiles/cmTC_54a12.dir/link.txt --verbose=1
/usr/bin/cc   -DCHECK_FUNCTION_EXISTS=gettimeofday    CMakeFiles/cmTC_54a12.dir/CheckFunctionExists.c.o  -o cmTC_54a12 -rdynamic 
make[1]: Leaving directory '/home/kinova/Documents/kinovaZED/_build/CMakeFiles/CMakeTmp'


Determining if the function open exists passed with the following output:
Change Dir: /home/kinova/Documents/kinovaZED/_build/CMakeFiles/CMakeTmp

Run Build Command:"/usr/bin/make" "cmTC_bc997/fast"
/usr/bin/make -f CMakeFiles/cmTC_bc997.dir/build.make CMakeFiles/cmTC_bc997.dir/build
make[1]: Entering directory '/home/kinova/Documents/kinovaZED/_build/CMakeFiles/CMakeTmp'
Building C object CMakeFiles/cmTC_bc997.dir/CheckFunctionExists.c.o
/usr/bin/cc    -DCHECK_FUNCTION_EXISTS=open   -o CMakeFiles/cmTC_bc997.dir/CheckFunctionExists.c.o   -c /usr/share/cmake-3.5/Modules/CheckFunctionExists.c
Linking C executable cmTC_bc997
/usr/bin/cmake -E cmake_link_script CMakeFiles/cmTC_bc997.dir/link.txt --verbose=1
/usr/bin/cc   -DCHECK_FUNCTION_EXISTS=open    CMakeFiles/cmTC_bc997.dir/CheckFunctionExists.c.o  -o cmTC_bc997 -rdynamic 
make[1]: Leaving directory '/home/kinova/Documents/kinovaZED/_build/CMakeFiles/CMakeTmp'


Determining if the function read exists passed with the following output:
Change Dir: /home/kinova/Documents/kinovaZED/_build/CMakeFiles/CMakeTmp

Run Build Command:"/usr/bin/make" "cmTC_e14d0/fast"
/usr/bin/make -f CMakeFiles/cmTC_e14d0.dir/build.make CMakeFiles/cmTC_e14d0.dir/build
make[1]: Entering directory '/home/kinova/Documents/kinovaZED/_build/CMakeFiles/CMakeTmp'
Building C object CMakeFiles/cmTC_e14d0.dir/CheckFunctionExists.c.o
/usr/bin/cc    -DCHECK_FUNCTION_EXISTS=read   -o CMakeFiles/cmTC_e14d0.dir/CheckFunctionExists.c.o   -c /usr/share/cmake-3.5/Modules/CheckFunctionExists.c
Linking C executable cmTC_e14d0
/usr/bin/cmake -E cmake_link_script CMakeFiles/cmTC_e14d0.dir/link.txt --verbose=1
/usr/bin/cc   -DCHECK_FUNCTION_EXISTS=read    CMakeFiles/cmTC_e14d0.dir/CheckFunctionExists.c.o  -o cmTC_e14d0 -rdynamic 
make[1]: Leaving directory '/home/kinova/Documents/kinovaZED/_build/CMakeFiles/CMakeTmp'


Determining if the function sched_yield exists passed with the following output:
Change Dir: /home/kinova/Documents/kinovaZED/_build/CMakeFiles/CMakeTmp

Run Build Command:"/usr/bin/make" "cmTC_94165/fast"
/usr/bin/make -f CMakeFiles/cmTC_94165.dir/build.make CMakeFiles/cmTC_94165.dir/build
make[1]: Entering directory '/home/kinova/Documents/kinovaZED/_build/CMakeFiles/CMakeTmp'
Building C object CMakeFiles/cmTC_94165.dir/CheckFunctionExists.c.o
/usr/bin/cc    -DCHECK_FUNCTION_EXISTS=sched_yield   -o CMakeFiles/cmTC_94165.dir/CheckFunctionExists.c.o   -c /usr/share/cmake-3.5/Modules/CheckFunctionExists.c
Linking C executable cmTC_94165
/usr/bin/cmake -E cmake_link_script CMakeFiles/cmTC_94165.dir/link.txt --verbose=1
/usr/bin/cc   -DCHECK_FUNCTION_EXISTS=sched_yield    CMakeFiles/cmTC_94165.dir/CheckFunctionExists.c.o  -o cmTC_94165 -rdynamic 
make[1]: Leaving directory '/home/kinova/Documents/kinovaZED/_build/CMakeFiles/CMakeTmp'


Determining if files stdint.h exist passed with the following output:
Change Dir: /home/kinova/Documents/kinovaZED/_build/CMakeFiles/CMakeTmp

Run Build Command:"/usr/bin/make" "cmTC_3b830/fast"
/usr/bin/make -f CMakeFiles/cmTC_3b830.dir/build.make CMakeFiles/cmTC_3b830.dir/build
make[1]: Entering directory '/home/kinova/Documents/kinovaZED/_build/CMakeFiles/CMakeTmp'
Building C object CMakeFiles/cmTC_3b830.dir/CheckIncludeFiles.c.o
/usr/bin/cc     -o CMakeFiles/cmTC_3b830.dir/CheckIncludeFiles.c.o   -c /home/kinova/Documents/kinovaZED/_build/CMakeFiles/CMakeTmp/CheckIncludeFiles.c
Linking C executable cmTC_3b830
/usr/bin/cmake -E cmake_link_script CMakeFiles/cmTC_3b830.dir/link.txt --verbose=1
/usr/bin/cc       CMakeFiles/cmTC_3b830.dir/CheckIncludeFiles.c.o  -o cmTC_3b830 -rdynamic 
make[1]: Leaving directory '/home/kinova/Documents/kinovaZED/_build/CMakeFiles/CMakeTmp'


Determining if the include file stddef.h exists passed with the following output:
Change Dir: /home/kinova/Documents/kinovaZED/_build/CMakeFiles/CMakeTmp

Run Build Command:"/usr/bin/make" "cmTC_b426e/fast"
/usr/bin/make -f CMakeFiles/cmTC_b426e.dir/build.make CMakeFiles/cmTC_b426e.dir/build
make[1]: Entering directory '/home/kinova/Documents/kinovaZED/_build/CMakeFiles/CMakeTmp'
Building C object CMakeFiles/cmTC_b426e.dir/CheckIncludeFile.c.o
/usr/bin/cc     -o CMakeFiles/cmTC_b426e.dir/CheckIncludeFile.c.o   -c /home/kinova/Documents/kinovaZED/_build/CMakeFiles/CMakeTmp/CheckIncludeFile.c
Linking C executable cmTC_b426e
/usr/bin/cmake -E cmake_link_script CMakeFiles/cmTC_b426e.dir/link.txt --verbose=1
/usr/bin/cc       CMakeFiles/cmTC_b426e.dir/CheckIncludeFile.c.o  -o cmTC_b426e -rdynamic 
make[1]: Leaving directory '/home/kinova/Documents/kinovaZED/_build/CMakeFiles/CMakeTmp'


Determining size of int64_t passed with the following output:
Change Dir: /home/kinova/Documents/kinovaZED/_build/CMakeFiles/CMakeTmp

Run Build Command:"/usr/bin/make" "cmTC_4af0d/fast"
/usr/bin/make -f CMakeFiles/cmTC_4af0d.dir/build.make CMakeFiles/cmTC_4af0d.dir/build
make[1]: Entering directory '/home/kinova/Documents/kinovaZED/_build/CMakeFiles/CMakeTmp'
Building C object CMakeFiles/cmTC_4af0d.dir/INT64_T.c.o
/usr/bin/cc     -o CMakeFiles/cmTC_4af0d.dir/INT64_T.c.o   -c /home/kinova/Documents/kinovaZED/_build/CMakeFiles/CheckTypeSize/INT64_T.c
Linking C executable cmTC_4af0d
/usr/bin/cmake -E cmake_link_script CMakeFiles/cmTC_4af0d.dir/link.txt --verbose=1
/usr/bin/cc       CMakeFiles/cmTC_4af0d.dir/INT64_T.c.o  -o cmTC_4af0d -rdynamic 
make[1]: Leaving directory '/home/kinova/Documents/kinovaZED/_build/CMakeFiles/CMakeTmp'


Determining size of long long passed with the following output:
Change Dir: /home/kinova/Documents/kinovaZED/_build/CMakeFiles/CMakeTmp

Run Build Command:"/usr/bin/make" "cmTC_42a08/fast"
/usr/bin/make -f CMakeFiles/cmTC_42a08.dir/build.make CMakeFiles/cmTC_42a08.dir/build
make[1]: Entering directory '/home/kinova/Documents/kinovaZED/_build/CMakeFiles/CMakeTmp'
Building C object CMakeFiles/cmTC_42a08.dir/LONG_LONG_INT.c.o
/usr/bin/cc     -o CMakeFiles/cmTC_42a08.dir/LONG_LONG_INT.c.o   -c /home/kinova/Documents/kinovaZED/_build/CMakeFiles/CheckTypeSize/LONG_LONG_INT.c
Linking C executable cmTC_42a08
/usr/bin/cmake -E cmake_link_script CMakeFiles/cmTC_42a08.dir/link.txt --verbose=1
/usr/bin/cc       CMakeFiles/cmTC_42a08.dir/LONG_LONG_INT.c.o  -o cmTC_42a08 -rdynamic 
make[1]: Leaving directory '/home/kinova/Documents/kinovaZED/_build/CMakeFiles/CMakeTmp'


Determining size of int32_t passed with the following output:
Change Dir: /home/kinova/Documents/kinovaZED/_build/CMakeFiles/CMakeTmp

Run Build Command:"/usr/bin/make" "cmTC_170df/fast"
/usr/bin/make -f CMakeFiles/cmTC_170df.dir/build.make CMakeFiles/cmTC_170df.dir/build
make[1]: Entering directory '/home/kinova/Documents/kinovaZED/_build/CMakeFiles/CMakeTmp'
Building C object CMakeFiles/cmTC_170df.dir/INT32_T.c.o
/usr/bin/cc     -o CMakeFiles/cmTC_170df.dir/INT32_T.c.o   -c /home/kinova/Documents/kinovaZED/_build/CMakeFiles/CheckTypeSize/INT32_T.c
Linking C executable cmTC_170df
/usr/bin/cmake -E cmake_link_script CMakeFiles/cmTC_170df.dir/link.txt --verbose=1
/usr/bin/cc       CMakeFiles/cmTC_170df.dir/INT32_T.c.o  -o cmTC_170df -rdynamic 
make[1]: Leaving directory '/home/kinova/Documents/kinovaZED/_build/CMakeFiles/CMakeTmp'


Determining size of long passed with the following output:
Change Dir: /home/kinova/Documents/kinovaZED/_build/CMakeFiles/CMakeTmp

Run Build Command:"/usr/bin/make" "cmTC_97221/fast"
/usr/bin/make -f CMakeFiles/cmTC_97221.dir/build.make CMakeFiles/cmTC_97221.dir/build
make[1]: Entering directory '/home/kinova/Documents/kinovaZED/_build/CMakeFiles/CMakeTmp'
Building C object CMakeFiles/cmTC_97221.dir/LONG_INT.c.o
/usr/bin/cc     -o CMakeFiles/cmTC_97221.dir/LONG_INT.c.o   -c /home/kinova/Documents/kinovaZED/_build/CMakeFiles/CheckTypeSize/LONG_INT.c
Linking C executable cmTC_97221
/usr/bin/cmake -E cmake_link_script CMakeFiles/cmTC_97221.dir/link.txt --verbose=1
/usr/bin/cc       CMakeFiles/cmTC_97221.dir/LONG_INT.c.o  -o cmTC_97221 -rdynamic 
make[1]: Leaving directory '/home/kinova/Documents/kinovaZED/_build/CMakeFiles/CMakeTmp'


Determining size of int passed with the following output:
Change Dir: /home/kinova/Documents/kinovaZED/_build/CMakeFiles/CMakeTmp

Run Build Command:"/usr/bin/make" "cmTC_4d75d/fast"
/usr/bin/make -f CMakeFiles/cmTC_4d75d.dir/build.make CMakeFiles/cmTC_4d75d.dir/build
make[1]: Entering directory '/home/kinova/Documents/kinovaZED/_build/CMakeFiles/CMakeTmp'
Building C object CMakeFiles/cmTC_4d75d.dir/INT.c.o
/usr/bin/cc     -o CMakeFiles/cmTC_4d75d.dir/INT.c.o   -c /home/kinova/Documents/kinovaZED/_build/CMakeFiles/CheckTypeSize/INT.c
Linking C executable cmTC_4d75d
/usr/bin/cmake -E cmake_link_script CMakeFiles/cmTC_4d75d.dir/link.txt --verbose=1
/usr/bin/cc       CMakeFiles/cmTC_4d75d.dir/INT.c.o  -o cmTC_4d75d -rdynamic 
make[1]: Leaving directory '/home/kinova/Documents/kinovaZED/_build/CMakeFiles/CMakeTmp'


Determining size of unsigned long passed with the following output:
Change Dir: /home/kinova/Documents/kinovaZED/_build/CMakeFiles/CMakeTmp

Run Build Command:"/usr/bin/make" "cmTC_c4664/fast"
/usr/bin/make -f CMakeFiles/cmTC_c4664.dir/build.make CMakeFiles/cmTC_c4664.dir/build
make[1]: Entering directory '/home/kinova/Documents/kinovaZED/_build/CMakeFiles/CMakeTmp'
Building C object CMakeFiles/cmTC_c4664.dir/UNSIGNED_LONG_INT.c.o
/usr/bin/cc     -o CMakeFiles/cmTC_c4664.dir/UNSIGNED_LONG_INT.c.o   -c /home/kinova/Documents/kinovaZED/_build/CMakeFiles/CheckTypeSize/UNSIGNED_LONG_INT.c
Linking C executable cmTC_c4664
/usr/bin/cmake -E cmake_link_script CMakeFiles/cmTC_c4664.dir/link.txt --verbose=1
/usr/bin/cc       CMakeFiles/cmTC_c4664.dir/UNSIGNED_LONG_INT.c.o  -o cmTC_c4664 -rdynamic 
make[1]: Leaving directory '/home/kinova/Documents/kinovaZED/_build/CMakeFiles/CMakeTmp'


Determining size of unsigned int passed with the following output:
Change Dir: /home/kinova/Documents/kinovaZED/_build/CMakeFiles/CMakeTmp

Run Build Command:"/usr/bin/make" "cmTC_866a8/fast"
/usr/bin/make -f CMakeFiles/cmTC_866a8.dir/build.make CMakeFiles/cmTC_866a8.dir/build
make[1]: Entering directory '/home/kinova/Documents/kinovaZED/_build/CMakeFiles/CMakeTmp'
Building C object CMakeFiles/cmTC_866a8.dir/UNSIGNED_INT.c.o
/usr/bin/cc     -o CMakeFiles/cmTC_866a8.dir/UNSIGNED_INT.c.o   -c /home/kinova/Documents/kinovaZED/_build/CMakeFiles/CheckTypeSize/UNSIGNED_INT.c
Linking C executable cmTC_866a8
/usr/bin/cmake -E cmake_link_script CMakeFiles/cmTC_866a8.dir/link.txt --verbose=1
/usr/bin/cc       CMakeFiles/cmTC_866a8.dir/UNSIGNED_INT.c.o  -o cmTC_866a8 -rdynamic 
make[1]: Leaving directory '/home/kinova/Documents/kinovaZED/_build/CMakeFiles/CMakeTmp'


Determining size of unsigned short passed with the following output:
Change Dir: /home/kinova/Documents/kinovaZED/_build/CMakeFiles/CMakeTmp

Run Build Command:"/usr/bin/make" "cmTC_1baf2/fast"
/usr/bin/make -f CMakeFiles/cmTC_1baf2.dir/build.make CMakeFiles/cmTC_1baf2.dir/build
make[1]: Entering directory '/home/kinova/Documents/kinovaZED/_build/CMakeFiles/CMakeTmp'
Building C object CMakeFiles/cmTC_1baf2.dir/UNSIGNED_SHORT.c.o
/usr/bin/cc     -o CMakeFiles/cmTC_1baf2.dir/UNSIGNED_SHORT.c.o   -c /home/kinova/Documents/kinovaZED/_build/CMakeFiles/CheckTypeSize/UNSIGNED_SHORT.c
Linking C executable cmTC_1baf2
/usr/bin/cmake -E cmake_link_script CMakeFiles/cmTC_1baf2.dir/link.txt --verbose=1
/usr/bin/cc       CMakeFiles/cmTC_1baf2.dir/UNSIGNED_SHORT.c.o  -o cmTC_1baf2 -rdynamic 
make[1]: Leaving directory '/home/kinova/Documents/kinovaZED/_build/CMakeFiles/CMakeTmp'


Determining size of uint32_t passed with the following output:
Change Dir: /home/kinova/Documents/kinovaZED/_build/CMakeFiles/CMakeTmp

Run Build Command:"/usr/bin/make" "cmTC_41c09/fast"
/usr/bin/make -f CMakeFiles/cmTC_41c09.dir/build.make CMakeFiles/cmTC_41c09.dir/build
make[1]: Entering directory '/home/kinova/Documents/kinovaZED/_build/CMakeFiles/CMakeTmp'
Building C object CMakeFiles/cmTC_41c09.dir/UINT32_T.c.o
/usr/bin/cc     -o CMakeFiles/cmTC_41c09.dir/UINT32_T.c.o   -c /home/kinova/Documents/kinovaZED/_build/CMakeFiles/CheckTypeSize/UINT32_T.c
Linking C executable cmTC_41c09
/usr/bin/cmake -E cmake_link_script CMakeFiles/cmTC_41c09.dir/link.txt --verbose=1
/usr/bin/cc       CMakeFiles/cmTC_41c09.dir/UINT32_T.c.o  -o cmTC_41c09 -rdynamic 
make[1]: Leaving directory '/home/kinova/Documents/kinovaZED/_build/CMakeFiles/CMakeTmp'


Determining size of uint16_t passed with the following output:
Change Dir: /home/kinova/Documents/kinovaZED/_build/CMakeFiles/CMakeTmp

Run Build Command:"/usr/bin/make" "cmTC_7c21b/fast"
/usr/bin/make -f CMakeFiles/cmTC_7c21b.dir/build.make CMakeFiles/cmTC_7c21b.dir/build
make[1]: Entering directory '/home/kinova/Documents/kinovaZED/_build/CMakeFiles/CMakeTmp'
Building C object CMakeFiles/cmTC_7c21b.dir/UINT16_T.c.o
/usr/bin/cc     -o CMakeFiles/cmTC_7c21b.dir/UINT16_T.c.o   -c /home/kinova/Documents/kinovaZED/_build/CMakeFiles/CheckTypeSize/UINT16_T.c
Linking C executable cmTC_7c21b
/usr/bin/cmake -E cmake_link_script CMakeFiles/cmTC_7c21b.dir/link.txt --verbose=1
/usr/bin/cc       CMakeFiles/cmTC_7c21b.dir/UINT16_T.c.o  -o cmTC_7c21b -rdynamic 
make[1]: Leaving directory '/home/kinova/Documents/kinovaZED/_build/CMakeFiles/CMakeTmp'


Determining size of uint8_t passed with the following output:
Change Dir: /home/kinova/Documents/kinovaZED/_build/CMakeFiles/CMakeTmp

Run Build Command:"/usr/bin/make" "cmTC_ddb73/fast"
/usr/bin/make -f CMakeFiles/cmTC_ddb73.dir/build.make CMakeFiles/cmTC_ddb73.dir/build
make[1]: Entering directory '/home/kinova/Documents/kinovaZED/_build/CMakeFiles/CMakeTmp'
Building C object CMakeFiles/cmTC_ddb73.dir/UINT8_T.c.o
/usr/bin/cc     -o CMakeFiles/cmTC_ddb73.dir/UINT8_T.c.o   -c /home/kinova/Documents/kinovaZED/_build/CMakeFiles/CheckTypeSize/UINT8_T.c
Linking C executable cmTC_ddb73
/usr/bin/cmake -E cmake_link_script CMakeFiles/cmTC_ddb73.dir/link.txt --verbose=1
/usr/bin/cc       CMakeFiles/cmTC_ddb73.dir/UINT8_T.c.o  -o cmTC_ddb73 -rdynamic 
make[1]: Leaving directory '/home/kinova/Documents/kinovaZED/_build/CMakeFiles/CMakeTmp'


Determining size of ssize_t passed with the following output:
Change Dir: /home/kinova/Documents/kinovaZED/_build/CMakeFiles/CMakeTmp

Run Build Command:"/usr/bin/make" "cmTC_dda7b/fast"
/usr/bin/make -f CMakeFiles/cmTC_dda7b.dir/build.make CMakeFiles/cmTC_dda7b.dir/build
make[1]: Entering directory '/home/kinova/Documents/kinovaZED/_build/CMakeFiles/CMakeTmp'
Building C object CMakeFiles/cmTC_dda7b.dir/SSIZE_T.c.o
/usr/bin/cc     -o CMakeFiles/cmTC_dda7b.dir/SSIZE_T.c.o   -c /home/kinova/Documents/kinovaZED/_build/CMakeFiles/CheckTypeSize/SSIZE_T.c
Linking C executable cmTC_dda7b
/usr/bin/cmake -E cmake_link_script CMakeFiles/cmTC_dda7b.dir/link.txt --verbose=1
/usr/bin/cc       CMakeFiles/cmTC_dda7b.dir/SSIZE_T.c.o  -o cmTC_dda7b -rdynamic 
make[1]: Leaving directory '/home/kinova/Documents/kinovaZED/_build/CMakeFiles/CMakeTmp'


Determining if the function strtoll exists passed with the following output:
Change Dir: /home/kinova/Documents/kinovaZED/_build/CMakeFiles/CMakeTmp

Run Build Command:"/usr/bin/make" "cmTC_013f6/fast"
/usr/bin/make -f CMakeFiles/cmTC_013f6.dir/build.make CMakeFiles/cmTC_013f6.dir/build
make[1]: Entering directory '/home/kinova/Documents/kinovaZED/_build/CMakeFiles/CMakeTmp'
Building C object CMakeFiles/cmTC_013f6.dir/CheckFunctionExists.c.o
/usr/bin/cc    -DCHECK_FUNCTION_EXISTS=strtoll   -o CMakeFiles/cmTC_013f6.dir/CheckFunctionExists.c.o   -c /usr/share/cmake-3.5/Modules/CheckFunctionExists.c
Linking C executable cmTC_013f6
/usr/bin/cmake -E cmake_link_script CMakeFiles/cmTC_013f6.dir/link.txt --verbose=1
/usr/bin/cc   -DCHECK_FUNCTION_EXISTS=strtoll    CMakeFiles/cmTC_013f6.dir/CheckFunctionExists.c.o  -o cmTC_013f6 -rdynamic 
make[1]: Leaving directory '/home/kinova/Documents/kinovaZED/_build/CMakeFiles/CMakeTmp'


Determining if the function strtoq exists passed with the following output:
Change Dir: /home/kinova/Documents/kinovaZED/_build/CMakeFiles/CMakeTmp

Run Build Command:"/usr/bin/make" "cmTC_388e0/fast"
/usr/bin/make -f CMakeFiles/cmTC_388e0.dir/build.make CMakeFiles/cmTC_388e0.dir/build
make[1]: Entering directory '/home/kinova/Documents/kinovaZED/_build/CMakeFiles/CMakeTmp'
Building C object CMakeFiles/cmTC_388e0.dir/CheckFunctionExists.c.o
/usr/bin/cc    -DCHECK_FUNCTION_EXISTS=strtoq   -o CMakeFiles/cmTC_388e0.dir/CheckFunctionExists.c.o   -c /usr/share/cmake-3.5/Modules/CheckFunctionExists.c
Linking C executable cmTC_388e0
/usr/bin/cmake -E cmake_link_script CMakeFiles/cmTC_388e0.dir/link.txt --verbose=1
/usr/bin/cc   -DCHECK_FUNCTION_EXISTS=strtoq    CMakeFiles/cmTC_388e0.dir/CheckFunctionExists.c.o  -o cmTC_388e0 -rdynamic 
make[1]: Leaving directory '/home/kinova/Documents/kinovaZED/_build/CMakeFiles/CMakeTmp'


Determining if files locale.h exist passed with the following output:
Change Dir: /home/kinova/Documents/kinovaZED/_build/CMakeFiles/CMakeTmp

Run Build Command:"/usr/bin/make" "cmTC_4f337/fast"
/usr/bin/make -f CMakeFiles/cmTC_4f337.dir/build.make CMakeFiles/cmTC_4f337.dir/build
make[1]: Entering directory '/home/kinova/Documents/kinovaZED/_build/CMakeFiles/CMakeTmp'
Building C object CMakeFiles/cmTC_4f337.dir/CheckIncludeFiles.c.o
/usr/bin/cc     -o CMakeFiles/cmTC_4f337.dir/CheckIncludeFiles.c.o   -c /home/kinova/Documents/kinovaZED/_build/CMakeFiles/CMakeTmp/CheckIncludeFiles.c
Linking C executable cmTC_4f337
/usr/bin/cmake -E cmake_link_script CMakeFiles/cmTC_4f337.dir/link.txt --verbose=1
/usr/bin/cc       CMakeFiles/cmTC_4f337.dir/CheckIncludeFiles.c.o  -o cmTC_4f337 -rdynamic 
make[1]: Leaving directory '/home/kinova/Documents/kinovaZED/_build/CMakeFiles/CMakeTmp'


Determining if the function localeconv exists passed with the following output:
Change Dir: /home/kinova/Documents/kinovaZED/_build/CMakeFiles/CMakeTmp

Run Build Command:"/usr/bin/make" "cmTC_70b81/fast"
/usr/bin/make -f CMakeFiles/cmTC_70b81.dir/build.make CMakeFiles/cmTC_70b81.dir/build
make[1]: Entering directory '/home/kinova/Documents/kinovaZED/_build/CMakeFiles/CMakeTmp'
Building C object CMakeFiles/cmTC_70b81.dir/CheckFunctionExists.c.o
/usr/bin/cc    -DCHECK_FUNCTION_EXISTS=localeconv   -o CMakeFiles/cmTC_70b81.dir/CheckFunctionExists.c.o   -c /usr/share/cmake-3.5/Modules/CheckFunctionExists.c
Linking C executable cmTC_70b81
/usr/bin/cmake -E cmake_link_script CMakeFiles/cmTC_70b81.dir/link.txt --verbose=1
/usr/bin/cc   -DCHECK_FUNCTION_EXISTS=localeconv    CMakeFiles/cmTC_70b81.dir/CheckFunctionExists.c.o  -o cmTC_70b81 -rdynamic 
make[1]: Leaving directory '/home/kinova/Documents/kinovaZED/_build/CMakeFiles/CMakeTmp'


Determining if the function setlocale exists passed with the following output:
Change Dir: /home/kinova/Documents/kinovaZED/_build/CMakeFiles/CMakeTmp

Run Build Command:"/usr/bin/make" "cmTC_b5d45/fast"
/usr/bin/make -f CMakeFiles/cmTC_b5d45.dir/build.make CMakeFiles/cmTC_b5d45.dir/build
make[1]: Entering directory '/home/kinova/Documents/kinovaZED/_build/CMakeFiles/CMakeTmp'
Building C object CMakeFiles/cmTC_b5d45.dir/CheckFunctionExists.c.o
/usr/bin/cc    -DCHECK_FUNCTION_EXISTS=setlocale   -o CMakeFiles/cmTC_b5d45.dir/CheckFunctionExists.c.o   -c /usr/share/cmake-3.5/Modules/CheckFunctionExists.c
Linking C executable cmTC_b5d45
/usr/bin/cmake -E cmake_link_script CMakeFiles/cmTC_b5d45.dir/link.txt --verbose=1
/usr/bin/cc   -DCHECK_FUNCTION_EXISTS=setlocale    CMakeFiles/cmTC_b5d45.dir/CheckFunctionExists.c.o  -o cmTC_b5d45 -rdynamic 
make[1]: Leaving directory '/home/kinova/Documents/kinovaZED/_build/CMakeFiles/CMakeTmp'


Performing C SOURCE FILE Test HAVE_INLINE succeeded with the following output:
Change Dir: /home/kinova/Documents/kinovaZED/_build/CMakeFiles/CMakeTmp

Run Build Command:"/usr/bin/make" "cmTC_b4e82/fast"
/usr/bin/make -f CMakeFiles/cmTC_b4e82.dir/build.make CMakeFiles/cmTC_b4e82.dir/build
make[1]: Entering directory '/home/kinova/Documents/kinovaZED/_build/CMakeFiles/CMakeTmp'
Building C object CMakeFiles/cmTC_b4e82.dir/src.c.o
/usr/bin/cc    -DHAVE_INLINE   -o CMakeFiles/cmTC_b4e82.dir/src.c.o   -c /home/kinova/Documents/kinovaZED/_build/CMakeFiles/CMakeTmp/src.c
Linking C executable cmTC_b4e82
/usr/bin/cmake -E cmake_link_script CMakeFiles/cmTC_b4e82.dir/link.txt --verbose=1
/usr/bin/cc   -DHAVE_INLINE    CMakeFiles/cmTC_b4e82.dir/src.c.o  -o cmTC_b4e82 -rdynamic 
make[1]: Leaving directory '/home/kinova/Documents/kinovaZED/_build/CMakeFiles/CMakeTmp'

Source file was:
inline void func(); void func() { } int main() { func(); return 0; }
Performing C SOURCE FILE Test HAVE___INLINE succeeded with the following output:
Change Dir: /home/kinova/Documents/kinovaZED/_build/CMakeFiles/CMakeTmp

Run Build Command:"/usr/bin/make" "cmTC_d0e80/fast"
/usr/bin/make -f CMakeFiles/cmTC_d0e80.dir/build.make CMakeFiles/cmTC_d0e80.dir/build
make[1]: Entering directory '/home/kinova/Documents/kinovaZED/_build/CMakeFiles/CMakeTmp'
Building C object CMakeFiles/cmTC_d0e80.dir/src.c.o
/usr/bin/cc    -DHAVE___INLINE   -o CMakeFiles/cmTC_d0e80.dir/src.c.o   -c /home/kinova/Documents/kinovaZED/_build/CMakeFiles/CMakeTmp/src.c
Linking C executable cmTC_d0e80
/usr/bin/cmake -E cmake_link_script CMakeFiles/cmTC_d0e80.dir/link.txt --verbose=1
/usr/bin/cc   -DHAVE___INLINE    CMakeFiles/cmTC_d0e80.dir/src.c.o  -o cmTC_d0e80 -rdynamic 
make[1]: Leaving directory '/home/kinova/Documents/kinovaZED/_build/CMakeFiles/CMakeTmp'

Source file was:
__inline void func(); void func() { } int main() { func(); return 0; }
Performing C SOURCE FILE Test HAVE___INLINE__ succeeded with the following output:
Change Dir: /home/kinova/Documents/kinovaZED/_build/CMakeFiles/CMakeTmp

Run Build Command:"/usr/bin/make" "cmTC_13d2b/fast"
/usr/bin/make -f CMakeFiles/cmTC_13d2b.dir/build.make CMakeFiles/cmTC_13d2b.dir/build
make[1]: Entering directory '/home/kinova/Documents/kinovaZED/_build/CMakeFiles/CMakeTmp'
Building C object CMakeFiles/cmTC_13d2b.dir/src.c.o
/usr/bin/cc    -DHAVE___INLINE__   -o CMakeFiles/cmTC_13d2b.dir/src.c.o   -c /home/kinova/Documents/kinovaZED/_build/CMakeFiles/CMakeTmp/src.c
Linking C executable cmTC_13d2b
/usr/bin/cmake -E cmake_link_script CMakeFiles/cmTC_13d2b.dir/link.txt --verbose=1
/usr/bin/cc   -DHAVE___INLINE__    CMakeFiles/cmTC_13d2b.dir/src.c.o  -o cmTC_13d2b -rdynamic 
make[1]: Leaving directory '/home/kinova/Documents/kinovaZED/_build/CMakeFiles/CMakeTmp'

Source file was:
__inline__ void func(); void func() { } int main() { func(); return 0; }
Performing C SOURCE FILE Test HAVE_SYNC_BUILTINS succeeded with the following output:
Change Dir: /home/kinova/Documents/kinovaZED/_build/CMakeFiles/CMakeTmp

Run Build Command:"/usr/bin/make" "cmTC_dabee/fast"
/usr/bin/make -f CMakeFiles/cmTC_dabee.dir/build.make CMakeFiles/cmTC_dabee.dir/build
make[1]: Entering directory '/home/kinova/Documents/kinovaZED/_build/CMakeFiles/CMakeTmp'
Building C object CMakeFiles/cmTC_dabee.dir/src.c.o
/usr/bin/cc    -DHAVE_SYNC_BUILTINS   -o CMakeFiles/cmTC_dabee.dir/src.c.o   -c /home/kinova/Documents/kinovaZED/_build/CMakeFiles/CMakeTmp/src.c
Linking C executable cmTC_dabee
/usr/bin/cmake -E cmake_link_script CMakeFiles/cmTC_dabee.dir/link.txt --verbose=1
/usr/bin/cc   -DHAVE_SYNC_BUILTINS    CMakeFiles/cmTC_dabee.dir/src.c.o  -o cmTC_dabee -rdynamic 
make[1]: Leaving directory '/home/kinova/Documents/kinovaZED/_build/CMakeFiles/CMakeTmp'

Source file was:
int main() { unsigned long val; __sync_bool_compare_and_swap(&val, 0, 1); __sync_add_and_fetch(&val, 1); __sync_sub_and_fetch(&val, 1); return 0; } 
Performing C SOURCE FILE Test HAVE_ATOMIC_BUILTINS succeeded with the following output:
Change Dir: /home/kinova/Documents/kinovaZED/_build/CMakeFiles/CMakeTmp

Run Build Command:"/usr/bin/make" "cmTC_ddbb2/fast"
/usr/bin/make -f CMakeFiles/cmTC_ddbb2.dir/build.make CMakeFiles/cmTC_ddbb2.dir/build
make[1]: Entering directory '/home/kinova/Documents/kinovaZED/_build/CMakeFiles/CMakeTmp'
Building C object CMakeFiles/cmTC_ddbb2.dir/src.c.o
/usr/bin/cc    -DHAVE_ATOMIC_BUILTINS   -o CMakeFiles/cmTC_ddbb2.dir/src.c.o   -c /home/kinova/Documents/kinovaZED/_build/CMakeFiles/CMakeTmp/src.c
Linking C executable cmTC_ddbb2
/usr/bin/cmake -E cmake_link_script CMakeFiles/cmTC_ddbb2.dir/link.txt --verbose=1
/usr/bin/cc   -DHAVE_ATOMIC_BUILTINS    CMakeFiles/cmTC_ddbb2.dir/src.c.o  -o cmTC_ddbb2 -rdynamic 
make[1]: Leaving directory '/home/kinova/Documents/kinovaZED/_build/CMakeFiles/CMakeTmp'

Source file was:
int main() { char l; unsigned long v; __atomic_test_and_set(&l, __ATOMIC_RELAXED); __atomic_store_n(&v, 1, __ATOMIC_RELEASE); __atomic_load_n(&v, __ATOMIC_ACQUIRE); __atomic_add_fetch(&v, 1, __ATOMIC_ACQUIRE); __atomic_sub_fetch(&v, 1, __ATOMIC_RELEASE); return 0; }
